{"C:\\Users\\TR\\Desktop\\KesfetTurkiye\\App.js": {"path":"C:\\Users\\TR\\Desktop\\KesfetTurkiye\\App.js","statementMap":{"0":{"start":{"line":11,"column":2},"end":{"line":13,"column":9}},"1":{"start":{"line":12,"column":4},"end":{"line":12,"column":32}},"2":{"start":{"line":15,"column":2},"end":{"line":23,"column":4}},"3":{"start":{"line":26,"column":15},"end":{"line":30,"column":2}}},"fnMap":{"0":{"name":"App","decl":{"start":{"line":10,"column":24},"end":{"line":10,"column":27}},"loc":{"start":{"line":10,"column":30},"end":{"line":24,"column":1}},"line":10},"1":{"name":"(anonymous_1)","decl":{"start":{"line":11,"column":12},"end":{"line":11,"column":13}},"loc":{"start":{"line":11,"column":18},"end":{"line":13,"column":3}},"line":11}},"branchMap":{},"s":{"0":0,"1":0,"2":0,"3":0},"f":{"0":0,"1":0},"b":{}}
,"C:\\Users\\TR\\Desktop\\KesfetTurkiye\\index.js": {"path":"C:\\Users\\TR\\Desktop\\KesfetTurkiye\\index.js","statementMap":{"0":{"start":{"line":8,"column":0},"end":{"line":8,"column":27}}},"fnMap":{},"branchMap":{},"s":{"0":0},"f":{},"b":{}}
,"C:\\Users\\TR\\Desktop\\KesfetTurkiye\\jest.config.js": {"path":"C:\\Users\\TR\\Desktop\\KesfetTurkiye\\jest.config.js","statementMap":{"0":{"start":{"line":1,"column":0},"end":{"line":20,"column":2}}},"fnMap":{},"branchMap":{},"s":{"0":0},"f":{},"b":{}}
,"C:\\Users\\TR\\Desktop\\KesfetTurkiye\\translations.js": {"path":"C:\\Users\\TR\\Desktop\\KesfetTurkiye\\translations.js","statementMap":{"0":{"start":{"line":4,"column":21},"end":{"line":27,"column":1}},"1":{"start":{"line":30,"column":26},"end":{"line":33,"column":1}},"2":{"start":{"line":31,"column":19},"end":{"line":31,"column":52}},"3":{"start":{"line":32,"column":2},"end":{"line":32,"column":41}},"4":{"start":{"line":35,"column":25},"end":{"line":45,"column":1}},"5":{"start":{"line":36,"column":19},"end":{"line":36,"column":38}},"6":{"start":{"line":37,"column":15},"end":{"line":37,"column":29}},"7":{"start":{"line":38,"column":20},"end":{"line":38,"column":42}},"8":{"start":{"line":40,"column":2},"end":{"line":42,"column":5}},"9":{"start":{"line":41,"column":4},"end":{"line":41,"column":35}},"10":{"start":{"line":44,"column":2},"end":{"line":44,"column":28}}},"fnMap":{"0":{"name":"(anonymous_0)","decl":{"start":{"line":30,"column":26},"end":{"line":30,"column":27}},"loc":{"start":{"line":30,"column":32},"end":{"line":33,"column":1}},"line":30},"1":{"name":"(anonymous_1)","decl":{"start":{"line":35,"column":25},"end":{"line":35,"column":26}},"loc":{"start":{"line":35,"column":34},"end":{"line":45,"column":1}},"line":35},"2":{"name":"(anonymous_2)","decl":{"start":{"line":40,"column":15},"end":{"line":40,"column":16}},"loc":{"start":{"line":40,"column":22},"end":{"line":42,"column":3}},"line":40}},"branchMap":{"0":{"loc":{"start":{"line":32,"column":9},"end":{"line":32,"column":40}},"type":"cond-expr","locations":[{"start":{"line":32,"column":29},"end":{"line":32,"column":33}},{"start":{"line":32,"column":36},"end":{"line":32,"column":40}}],"line":32},"1":{"loc":{"start":{"line":44,"column":9},"end":{"line":44,"column":27}},"type":"binary-expr","locations":[{"start":{"line":44,"column":9},"end":{"line":44,"column":20}},{"start":{"line":44,"column":24},"end":{"line":44,"column":27}}],"line":44}},"s":{"0":0,"1":0,"2":0,"3":0,"4":0,"5":0,"6":0,"7":0,"8":0,"9":0,"10":0},"f":{"0":0,"1":0,"2":0},"b":{"0":[0,0],"1":[0,0]}}
,"C:\\Users\\TR\\Desktop\\KesfetTurkiye\\components\\CulturalPlacesTabs.js": {"path":"C:\\Users\\TR\\Desktop\\KesfetTurkiye\\components\\CulturalPlacesTabs.js","statementMap":{"0":{"start":{"line":6,"column":12},"end":{"line":6,"column":43}},"1":{"start":{"line":7,"column":18},"end":{"line":7,"column":42}},"2":{"start":{"line":9,"column":27},"end":{"line":61,"column":1}},"3":{"start":{"line":10,"column":2},"end":{"line":60,"column":4}},"4":{"start":{"line":28,"column":24},"end":{"line":28,"column":46}},"5":{"start":{"line":31,"column":12},"end":{"line":33,"column":19}},"6":{"start":{"line":39,"column":24},"end":{"line":39,"column":43}},"7":{"start":{"line":42,"column":12},"end":{"line":44,"column":19}},"8":{"start":{"line":50,"column":24},"end":{"line":50,"column":40}},"9":{"start":{"line":53,"column":12},"end":{"line":55,"column":19}},"10":{"start":{"line":63,"column":15},"end":{"line":98,"column":2}}},"fnMap":{"0":{"name":"(anonymous_0)","decl":{"start":{"line":9,"column":27},"end":{"line":9,"column":28}},"loc":{"start":{"line":9,"column":57},"end":{"line":61,"column":1}},"line":9},"1":{"name":"(anonymous_1)","decl":{"start":{"line":28,"column":18},"end":{"line":28,"column":19}},"loc":{"start":{"line":28,"column":24},"end":{"line":28,"column":46}},"line":28},"2":{"name":"(anonymous_2)","decl":{"start":{"line":30,"column":22},"end":{"line":30,"column":23}},"loc":{"start":{"line":31,"column":12},"end":{"line":33,"column":19}},"line":31},"3":{"name":"(anonymous_3)","decl":{"start":{"line":39,"column":18},"end":{"line":39,"column":19}},"loc":{"start":{"line":39,"column":24},"end":{"line":39,"column":43}},"line":39},"4":{"name":"(anonymous_4)","decl":{"start":{"line":41,"column":22},"end":{"line":41,"column":23}},"loc":{"start":{"line":42,"column":12},"end":{"line":44,"column":19}},"line":42},"5":{"name":"(anonymous_5)","decl":{"start":{"line":50,"column":18},"end":{"line":50,"column":19}},"loc":{"start":{"line":50,"column":24},"end":{"line":50,"column":40}},"line":50},"6":{"name":"(anonymous_6)","decl":{"start":{"line":52,"column":22},"end":{"line":52,"column":23}},"loc":{"start":{"line":53,"column":12},"end":{"line":55,"column":19}},"line":53}},"branchMap":{"0":{"loc":{"start":{"line":70,"column":16},"end":{"line":70,"column":47}},"type":"cond-expr","locations":[{"start":{"line":70,"column":40},"end":{"line":70,"column":42}},{"start":{"line":70,"column":45},"end":{"line":70,"column":47}}],"line":70}},"s":{"0":0,"1":0,"2":0,"3":0,"4":0,"5":0,"6":0,"7":0,"8":0,"9":0,"10":0},"f":{"0":0,"1":0,"2":0,"3":0,"4":0,"5":0,"6":0},"b":{"0":[0,0]}}
,"C:\\Users\\TR\\Desktop\\KesfetTurkiye\\components\\PlaceCard.js": {"path":"C:\\Users\\TR\\Desktop\\KesfetTurkiye\\components\\PlaceCard.js","statementMap":{"0":{"start":{"line":16,"column":18},"end":{"line":107,"column":1}},"1":{"start":{"line":17,"column":19},"end":{"line":17,"column":32}},"2":{"start":{"line":18,"column":21},"end":{"line":18,"column":36}},"3":{"start":{"line":19,"column":19},"end":{"line":19,"column":53}},"4":{"start":{"line":19,"column":42},"end":{"line":19,"column":52}},"5":{"start":{"line":20,"column":24},"end":{"line":20,"column":63}},"6":{"start":{"line":20,"column":47},"end":{"line":20,"column":62}},"7":{"start":{"line":21,"column":38},"end":{"line":21,"column":53}},"8":{"start":{"line":22,"column":46},"end":{"line":22,"column":61}},"9":{"start":{"line":24,"column":2},"end":{"line":31,"column":34}},"10":{"start":{"line":25,"column":4},"end":{"line":30,"column":5}},"11":{"start":{"line":26,"column":30},"end":{"line":28,"column":7}},"12":{"start":{"line":27,"column":17},"end":{"line":27,"column":42}},"13":{"start":{"line":29,"column":6},"end":{"line":29,"column":37}},"14":{"start":{"line":33,"column":25},"end":{"line":52,"column":3}},"15":{"start":{"line":34,"column":4},"end":{"line":37,"column":5}},"16":{"start":{"line":35,"column":6},"end":{"line":35,"column":30}},"17":{"start":{"line":36,"column":6},"end":{"line":36,"column":13}},"18":{"start":{"line":39,"column":28},"end":{"line":39,"column":79}},"19":{"start":{"line":39,"column":53},"end":{"line":39,"column":78}},"20":{"start":{"line":41,"column":4},"end":{"line":51,"column":5}},"21":{"start":{"line":42,"column":6},"end":{"line":42,"column":71}},"22":{"start":{"line":44,"column":6},"end":{"line":50,"column":8}},"23":{"start":{"line":54,"column":2},"end":{"line":106,"column":4}},"24":{"start":{"line":74,"column":31},"end":{"line":74,"column":55}},"25":{"start":{"line":88,"column":14},"end":{"line":88,"column":39}},"26":{"start":{"line":89,"column":14},"end":{"line":89,"column":43}},"27":{"start":{"line":97,"column":14},"end":{"line":97,"column":39}},"28":{"start":{"line":98,"column":14},"end":{"line":98,"column":44}},"29":{"start":{"line":109,"column":15},"end":{"line":196,"column":2}}},"fnMap":{"0":{"name":"(anonymous_0)","decl":{"start":{"line":16,"column":18},"end":{"line":16,"column":19}},"loc":{"start":{"line":16,"column":42},"end":{"line":107,"column":1}},"line":16},"1":{"name":"(anonymous_1)","decl":{"start":{"line":19,"column":31},"end":{"line":19,"column":32}},"loc":{"start":{"line":19,"column":42},"end":{"line":19,"column":52}},"line":19},"2":{"name":"(anonymous_2)","decl":{"start":{"line":20,"column":36},"end":{"line":20,"column":37}},"loc":{"start":{"line":20,"column":47},"end":{"line":20,"column":62}},"line":20},"3":{"name":"(anonymous_3)","decl":{"start":{"line":24,"column":12},"end":{"line":24,"column":13}},"loc":{"start":{"line":24,"column":18},"end":{"line":31,"column":3}},"line":24},"4":{"name":"(anonymous_4)","decl":{"start":{"line":27,"column":8},"end":{"line":27,"column":9}},"loc":{"start":{"line":27,"column":17},"end":{"line":27,"column":42}},"line":27},"5":{"name":"(anonymous_5)","decl":{"start":{"line":33,"column":25},"end":{"line":33,"column":26}},"loc":{"start":{"line":33,"column":31},"end":{"line":52,"column":3}},"line":33},"6":{"name":"(anonymous_6)","decl":{"start":{"line":39,"column":44},"end":{"line":39,"column":45}},"loc":{"start":{"line":39,"column":53},"end":{"line":39,"column":78}},"line":39},"7":{"name":"(anonymous_7)","decl":{"start":{"line":74,"column":25},"end":{"line":74,"column":26}},"loc":{"start":{"line":74,"column":31},"end":{"line":74,"column":55}},"line":74},"8":{"name":"(anonymous_8)","decl":{"start":{"line":87,"column":21},"end":{"line":87,"column":22}},"loc":{"start":{"line":87,"column":27},"end":{"line":90,"column":13}},"line":87},"9":{"name":"(anonymous_9)","decl":{"start":{"line":96,"column":21},"end":{"line":96,"column":22}},"loc":{"start":{"line":96,"column":27},"end":{"line":99,"column":13}},"line":96}},"branchMap":{"0":{"loc":{"start":{"line":25,"column":4},"end":{"line":30,"column":5}},"type":"if","locations":[{"start":{"line":25,"column":4},"end":{"line":30,"column":5}},{"start":{},"end":{}}],"line":25},"1":{"loc":{"start":{"line":25,"column":8},"end":{"line":25,"column":25}},"type":"binary-expr","locations":[{"start":{"line":25,"column":8},"end":{"line":25,"column":12}},{"start":{"line":25,"column":16},"end":{"line":25,"column":25}}],"line":25},"2":{"loc":{"start":{"line":34,"column":4},"end":{"line":37,"column":5}},"type":"if","locations":[{"start":{"line":34,"column":4},"end":{"line":37,"column":5}},{"start":{},"end":{}}],"line":34},"3":{"loc":{"start":{"line":41,"column":4},"end":{"line":51,"column":5}},"type":"if","locations":[{"start":{"line":41,"column":4},"end":{"line":51,"column":5}},{"start":{"line":43,"column":11},"end":{"line":51,"column":5}}],"line":41},"4":{"loc":{"start":{"line":59,"column":16},"end":{"line":59,"column":59}},"type":"cond-expr","locations":[{"start":{"line":59,"column":29},"end":{"line":59,"column":39}},{"start":{"line":59,"column":42},"end":{"line":59,"column":59}}],"line":59},"5":{"loc":{"start":{"line":62,"column":17},"end":{"line":62,"column":48}},"type":"cond-expr","locations":[{"start":{"line":62,"column":30},"end":{"line":62,"column":39}},{"start":{"line":62,"column":42},"end":{"line":62,"column":48}}],"line":62}},"s":{"0":1,"1":8,"2":8,"3":8,"4":8,"5":8,"6":8,"7":8,"8":8,"9":8,"10":0,"11":0,"12":0,"13":0,"14":8,"15":0,"16":0,"17":0,"18":0,"19":0,"20":0,"21":0,"22":0,"23":8,"24":0,"25":0,"26":0,"27":0,"28":0,"29":1},"f":{"0":8,"1":8,"2":8,"3":0,"4":0,"5":0,"6":0,"7":0,"8":0,"9":0},"b":{"0":[0,0],"1":[0,0],"2":[0,0],"3":[0,0],"4":[0,8],"5":[0,8]},"_coverageSchema":"1a1c01bbd47fc00a2c39e90264f33305004495a9","hash":"3a17619eb5b4500c7d867c3875e6e9f4b6c8c600"}
,"C:\\Users\\TR\\Desktop\\KesfetTurkiye\\components\\SelectBox.js": {"path":"C:\\Users\\TR\\Desktop\\KesfetTurkiye\\components\\SelectBox.js","statementMap":{"0":{"start":{"line":21,"column":32},"end":{"line":21,"column":47}},"1":{"start":{"line":23,"column":23},"end":{"line":23,"column":62}},"2":{"start":{"line":23,"column":41},"end":{"line":23,"column":61}},"3":{"start":{"line":25,"column":2},"end":{"line":89,"column":4}},"4":{"start":{"line":31,"column":23},"end":{"line":31,"column":39}},"5":{"start":{"line":48,"column":30},"end":{"line":48,"column":47}},"6":{"start":{"line":52,"column":25},"end":{"line":52,"column":42}},"7":{"start":{"line":57,"column":47},"end":{"line":57,"column":64}},"8":{"start":{"line":64,"column":38},"end":{"line":64,"column":59}},"9":{"start":{"line":66,"column":16},"end":{"line":82,"column":35}},"10":{"start":{"line":69,"column":20},"end":{"line":69,"column":41}},"11":{"start":{"line":70,"column":20},"end":{"line":70,"column":38}},"12":{"start":{"line":92,"column":15},"end":{"line":167,"column":2}}},"fnMap":{"0":{"name":"SelectBox","decl":{"start":{"line":13,"column":24},"end":{"line":13,"column":33}},"loc":{"start":{"line":20,"column":3},"end":{"line":90,"column":1}},"line":20},"1":{"name":"(anonymous_1)","decl":{"start":{"line":23,"column":33},"end":{"line":23,"column":34}},"loc":{"start":{"line":23,"column":41},"end":{"line":23,"column":61}},"line":23},"2":{"name":"(anonymous_2)","decl":{"start":{"line":31,"column":17},"end":{"line":31,"column":18}},"loc":{"start":{"line":31,"column":23},"end":{"line":31,"column":39}},"line":31},"3":{"name":"(anonymous_3)","decl":{"start":{"line":48,"column":24},"end":{"line":48,"column":25}},"loc":{"start":{"line":48,"column":30},"end":{"line":48,"column":47}},"line":48},"4":{"name":"(anonymous_4)","decl":{"start":{"line":52,"column":19},"end":{"line":52,"column":20}},"loc":{"start":{"line":52,"column":25},"end":{"line":52,"column":42}},"line":52},"5":{"name":"(anonymous_5)","decl":{"start":{"line":57,"column":41},"end":{"line":57,"column":42}},"loc":{"start":{"line":57,"column":47},"end":{"line":57,"column":64}},"line":57},"6":{"name":"(anonymous_6)","decl":{"start":{"line":64,"column":28},"end":{"line":64,"column":29}},"loc":{"start":{"line":64,"column":38},"end":{"line":64,"column":59}},"line":64},"7":{"name":"(anonymous_7)","decl":{"start":{"line":65,"column":26},"end":{"line":65,"column":27}},"loc":{"start":{"line":66,"column":16},"end":{"line":82,"column":35}},"line":66},"8":{"name":"(anonymous_8)","decl":{"start":{"line":68,"column":27},"end":{"line":68,"column":28}},"loc":{"start":{"line":68,"column":33},"end":{"line":71,"column":19}},"line":68}},"branchMap":{"0":{"loc":{"start":{"line":18,"column":2},"end":{"line":18,"column":25}},"type":"default-arg","locations":[{"start":{"line":18,"column":16},"end":{"line":18,"column":25}}],"line":18},"1":{"loc":{"start":{"line":27,"column":7},"end":{"line":27,"column":57}},"type":"binary-expr","locations":[{"start":{"line":27,"column":7},"end":{"line":27,"column":12}},{"start":{"line":27,"column":16},"end":{"line":27,"column":57}}],"line":27},"2":{"loc":{"start":{"line":30,"column":37},"end":{"line":30,"column":70}},"type":"binary-expr","locations":[{"start":{"line":30,"column":37},"end":{"line":30,"column":42}},{"start":{"line":30,"column":46},"end":{"line":30,"column":70}}],"line":30},"3":{"loc":{"start":{"line":35,"column":10},"end":{"line":35,"column":49}},"type":"binary-expr","locations":[{"start":{"line":35,"column":10},"end":{"line":35,"column":23}},{"start":{"line":35,"column":27},"end":{"line":35,"column":49}}],"line":35},"4":{"loc":{"start":{"line":37,"column":11},"end":{"line":37,"column":58}},"type":"cond-expr","locations":[{"start":{"line":37,"column":26},"end":{"line":37,"column":44}},{"start":{"line":37,"column":47},"end":{"line":37,"column":58}}],"line":37},"5":{"loc":{"start":{"line":42,"column":7},"end":{"line":42,"column":61}},"type":"binary-expr","locations":[{"start":{"line":42,"column":7},"end":{"line":42,"column":12}},{"start":{"line":42,"column":16},"end":{"line":42,"column":61}}],"line":42},"6":{"loc":{"start":{"line":75,"column":20},"end":{"line":75,"column":69}},"type":"binary-expr","locations":[{"start":{"line":75,"column":20},"end":{"line":75,"column":40}},{"start":{"line":75,"column":44},"end":{"line":75,"column":69}}],"line":75},"7":{"loc":{"start":{"line":79,"column":19},"end":{"line":81,"column":19}},"type":"binary-expr","locations":[{"start":{"line":79,"column":19},"end":{"line":79,"column":39}},{"start":{"line":80,"column":20},"end":{"line":80,"column":72}}],"line":79}},"s":{"0":0,"1":0,"2":0,"3":0,"4":0,"5":0,"6":0,"7":0,"8":0,"9":0,"10":0,"11":0,"12":0},"f":{"0":0,"1":0,"2":0,"3":0,"4":0,"5":0,"6":0,"7":0,"8":0},"b":{"0":[0],"1":[0,0],"2":[0,0],"3":[0,0],"4":[0,0],"5":[0,0],"6":[0,0],"7":[0,0]}}
,"C:\\Users\\TR\\Desktop\\KesfetTurkiye\\config\\supabase.js": {"path":"C:\\Users\\TR\\Desktop\\KesfetTurkiye\\config\\supabase.js","statementMap":{"0":{"start":{"line":5,"column":20},"end":{"line":5,"column":62}},"1":{"start":{"line":7,"column":2},"end":{"line":7,"column":212}},"2":{"start":{"line":9,"column":24},"end":{"line":16,"column":2}},"3":{"start":{"line":19,"column":31},"end":{"line":68,"column":1}},"4":{"start":{"line":22,"column":28},"end":{"line":28,"column":6}},"5":{"start":{"line":30,"column":4},"end":{"line":30,"column":27}},"6":{"start":{"line":30,"column":15},"end":{"line":30,"column":27}},"7":{"start":{"line":31,"column":4},"end":{"line":31,"column":16}},"8":{"start":{"line":36,"column":28},"end":{"line":39,"column":52}},"9":{"start":{"line":41,"column":4},"end":{"line":41,"column":27}},"10":{"start":{"line":41,"column":15},"end":{"line":41,"column":27}},"11":{"start":{"line":42,"column":4},"end":{"line":42,"column":16}},"12":{"start":{"line":47,"column":28},"end":{"line":51,"column":48}},"13":{"start":{"line":53,"column":4},"end":{"line":53,"column":27}},"14":{"start":{"line":53,"column":15},"end":{"line":53,"column":27}},"15":{"start":{"line":54,"column":4},"end":{"line":54,"column":16}},"16":{"start":{"line":59,"column":28},"end":{"line":63,"column":15}},"17":{"start":{"line":65,"column":4},"end":{"line":65,"column":56}},"18":{"start":{"line":65,"column":44},"end":{"line":65,"column":56}},"19":{"start":{"line":66,"column":4},"end":{"line":66,"column":18}}},"fnMap":{"0":{"name":"(anonymous_0)","decl":{"start":{"line":21,"column":15},"end":{"line":21,"column":16}},"loc":{"start":{"line":21,"column":53},"end":{"line":32,"column":3}},"line":21},"1":{"name":"(anonymous_1)","decl":{"start":{"line":35,"column":18},"end":{"line":35,"column":19}},"loc":{"start":{"line":35,"column":45},"end":{"line":43,"column":3}},"line":35},"2":{"name":"(anonymous_2)","decl":{"start":{"line":46,"column":16},"end":{"line":46,"column":17}},"loc":{"start":{"line":46,"column":34},"end":{"line":55,"column":3}},"line":46},"3":{"name":"(anonymous_3)","decl":{"start":{"line":58,"column":14},"end":{"line":58,"column":15}},"loc":{"start":{"line":58,"column":41},"end":{"line":67,"column":3}},"line":58}},"branchMap":{"0":{"loc":{"start":{"line":30,"column":4},"end":{"line":30,"column":27}},"type":"if","locations":[{"start":{"line":30,"column":4},"end":{"line":30,"column":27}},{"start":{},"end":{}}],"line":30},"1":{"loc":{"start":{"line":41,"column":4},"end":{"line":41,"column":27}},"type":"if","locations":[{"start":{"line":41,"column":4},"end":{"line":41,"column":27}},{"start":{},"end":{}}],"line":41},"2":{"loc":{"start":{"line":53,"column":4},"end":{"line":53,"column":27}},"type":"if","locations":[{"start":{"line":53,"column":4},"end":{"line":53,"column":27}},{"start":{},"end":{}}],"line":53},"3":{"loc":{"start":{"line":65,"column":4},"end":{"line":65,"column":56}},"type":"if","locations":[{"start":{"line":65,"column":4},"end":{"line":65,"column":56}},{"start":{},"end":{}}],"line":65},"4":{"loc":{"start":{"line":65,"column":8},"end":{"line":65,"column":42}},"type":"binary-expr","locations":[{"start":{"line":65,"column":8},"end":{"line":65,"column":13}},{"start":{"line":65,"column":17},"end":{"line":65,"column":42}}],"line":65}},"s":{"0":1,"1":1,"2":1,"3":1,"4":0,"5":0,"6":0,"7":0,"8":0,"9":0,"10":0,"11":0,"12":0,"13":0,"14":0,"15":0,"16":0,"17":0,"18":0,"19":0},"f":{"0":0,"1":0,"2":0,"3":0},"b":{"0":[0,0],"1":[0,0],"2":[0,0],"3":[0,0],"4":[0,0]},"_coverageSchema":"1a1c01bbd47fc00a2c39e90264f33305004495a9","hash":"091de4f19bc3e5a2d674ae488b74c780569b42d8"}
,"C:\\Users\\TR\\Desktop\\KesfetTurkiye\\data\\dummyData.js": {"path":"C:\\Users\\TR\\Desktop\\KesfetTurkiye\\data\\dummyData.js","statementMap":{"0":{"start":{"line":1,"column":25},"end":{"line":1,"column":60}},"1":{"start":{"line":3,"column":22},"end":{"line":87,"column":1}},"2":{"start":{"line":89,"column":30},"end":{"line":7670,"column":1}}},"fnMap":{},"branchMap":{},"s":{"0":0,"1":0,"2":0},"f":{},"b":{}}
,"C:\\Users\\TR\\Desktop\\KesfetTurkiye\\hooks\\useTabAnimation.js": {"path":"C:\\Users\\TR\\Desktop\\KesfetTurkiye\\hooks\\useTabAnimation.js","statementMap":{"0":{"start":{"line":4,"column":31},"end":{"line":30,"column":1}},"1":{"start":{"line":5,"column":36},"end":{"line":5,"column":47}},"2":{"start":{"line":6,"column":20},"end":{"line":6,"column":57}},"3":{"start":{"line":8,"column":23},"end":{"line":16,"column":3}},"4":{"start":{"line":9,"column":4},"end":{"line":9,"column":24}},"5":{"start":{"line":10,"column":4},"end":{"line":15,"column":15}},"6":{"start":{"line":18,"column":25},"end":{"line":23,"column":3}},"7":{"start":{"line":19,"column":21},"end":{"line":21,"column":5}},"8":{"start":{"line":22,"column":4},"end":{"line":22,"column":27}},"9":{"start":{"line":25,"column":2},"end":{"line":29,"column":4}}},"fnMap":{"0":{"name":"(anonymous_0)","decl":{"start":{"line":4,"column":31},"end":{"line":4,"column":32}},"loc":{"start":{"line":4,"column":37},"end":{"line":30,"column":1}},"line":4},"1":{"name":"(anonymous_1)","decl":{"start":{"line":8,"column":23},"end":{"line":8,"column":24}},"loc":{"start":{"line":8,"column":34},"end":{"line":16,"column":3}},"line":8},"2":{"name":"(anonymous_2)","decl":{"start":{"line":18,"column":25},"end":{"line":18,"column":26}},"loc":{"start":{"line":18,"column":32},"end":{"line":23,"column":3}},"line":18}},"branchMap":{},"s":{"0":0,"1":0,"2":0,"3":0,"4":0,"5":0,"6":0,"7":0,"8":0,"9":0},"f":{"0":0,"1":0,"2":0},"b":{}}
,"C:\\Users\\TR\\Desktop\\KesfetTurkiye\\navigation\\AppNavigator.js": {"path":"C:\\Users\\TR\\Desktop\\KesfetTurkiye\\navigation\\AppNavigator.js","statementMap":{"0":{"start":{"line":14,"column":14},"end":{"line":14,"column":36}},"1":{"start":{"line":16,"column":21},"end":{"line":46,"column":1}},"2":{"start":{"line":17,"column":19},"end":{"line":17,"column":53}},"3":{"start":{"line":17,"column":42},"end":{"line":17,"column":52}},"4":{"start":{"line":19,"column":2},"end":{"line":45,"column":4}}},"fnMap":{"0":{"name":"(anonymous_0)","decl":{"start":{"line":16,"column":21},"end":{"line":16,"column":22}},"loc":{"start":{"line":16,"column":27},"end":{"line":46,"column":1}},"line":16},"1":{"name":"(anonymous_1)","decl":{"start":{"line":17,"column":31},"end":{"line":17,"column":32}},"loc":{"start":{"line":17,"column":42},"end":{"line":17,"column":52}},"line":17}},"branchMap":{"0":{"loc":{"start":{"line":31,"column":7},"end":{"line":43,"column":7}},"type":"cond-expr","locations":[{"start":{"line":32,"column":8},"end":{"line":35,"column":11}},{"start":{"line":37,"column":8},"end":{"line":42,"column":11}}],"line":31}},"s":{"0":0,"1":0,"2":0,"3":0,"4":0},"f":{"0":0,"1":0},"b":{"0":[0,0]}}
,"C:\\Users\\TR\\Desktop\\KesfetTurkiye\\navigation\\BottomTabNavigator.js": {"path":"C:\\Users\\TR\\Desktop\\KesfetTurkiye\\navigation\\BottomTabNavigator.js","statementMap":{"0":{"start":{"line":9,"column":12},"end":{"line":9,"column":38}},"1":{"start":{"line":11,"column":27},"end":{"line":54,"column":1}},"2":{"start":{"line":12,"column":2},"end":{"line":53,"column":4}},"3":{"start":{"line":30,"column":12},"end":{"line":30,"column":72}},"4":{"start":{"line":39,"column":12},"end":{"line":39,"column":76}},"5":{"start":{"line":48,"column":12},"end":{"line":48,"column":74}}},"fnMap":{"0":{"name":"(anonymous_0)","decl":{"start":{"line":11,"column":27},"end":{"line":11,"column":28}},"loc":{"start":{"line":11,"column":33},"end":{"line":54,"column":1}},"line":11},"1":{"name":"(anonymous_1)","decl":{"start":{"line":29,"column":22},"end":{"line":29,"column":23}},"loc":{"start":{"line":30,"column":12},"end":{"line":30,"column":72}},"line":30},"2":{"name":"(anonymous_2)","decl":{"start":{"line":38,"column":22},"end":{"line":38,"column":23}},"loc":{"start":{"line":39,"column":12},"end":{"line":39,"column":76}},"line":39},"3":{"name":"(anonymous_3)","decl":{"start":{"line":47,"column":22},"end":{"line":47,"column":23}},"loc":{"start":{"line":48,"column":12},"end":{"line":48,"column":74}},"line":48}},"branchMap":{"0":{"loc":{"start":{"line":18,"column":18},"end":{"line":18,"column":49}},"type":"cond-expr","locations":[{"start":{"line":18,"column":42},"end":{"line":18,"column":44}},{"start":{"line":18,"column":47},"end":{"line":18,"column":49}}],"line":18}},"s":{"0":0,"1":0,"2":0,"3":0,"4":0,"5":0},"f":{"0":0,"1":0,"2":0,"3":0},"b":{"0":[0,0]}}
,"C:\\Users\\TR\\Desktop\\KesfetTurkiye\\screens\\AboutScreen.js": {"path":"C:\\Users\\TR\\Desktop\\KesfetTurkiye\\screens\\AboutScreen.js","statementMap":{"0":{"start":{"line":17,"column":21},"end":{"line":50,"column":1}},"1":{"start":{"line":52,"column":21},"end":{"line":71,"column":1}},"2":{"start":{"line":73,"column":20},"end":{"line":164,"column":1}},"3":{"start":{"line":74,"column":17},"end":{"line":74,"column":36}},"4":{"start":{"line":76,"column":25},"end":{"line":78,"column":3}},"5":{"start":{"line":77,"column":4},"end":{"line":77,"column":78}},"6":{"start":{"line":77,"column":40},"end":{"line":77,"column":76}},"7":{"start":{"line":80,"column":27},"end":{"line":98,"column":3}},"8":{"start":{"line":81,"column":4},"end":{"line":97,"column":23}},"9":{"start":{"line":84,"column":21},"end":{"line":84,"column":45}},"10":{"start":{"line":100,"column":27},"end":{"line":106,"column":3}},"11":{"start":{"line":101,"column":4},"end":{"line":105,"column":11}},"12":{"start":{"line":108,"column":2},"end":{"line":163,"column":4}},"13":{"start":{"line":157,"column":25},"end":{"line":157,"column":78}},"14":{"start":{"line":166,"column":15},"end":{"line":285,"column":2}}},"fnMap":{"0":{"name":"(anonymous_0)","decl":{"start":{"line":73,"column":20},"end":{"line":73,"column":21}},"loc":{"start":{"line":73,"column":26},"end":{"line":164,"column":1}},"line":73},"1":{"name":"(anonymous_1)","decl":{"start":{"line":76,"column":25},"end":{"line":76,"column":26}},"loc":{"start":{"line":76,"column":34},"end":{"line":78,"column":3}},"line":76},"2":{"name":"(anonymous_2)","decl":{"start":{"line":77,"column":31},"end":{"line":77,"column":32}},"loc":{"start":{"line":77,"column":40},"end":{"line":77,"column":76}},"line":77},"3":{"name":"(anonymous_3)","decl":{"start":{"line":80,"column":27},"end":{"line":80,"column":28}},"loc":{"start":{"line":81,"column":4},"end":{"line":97,"column":23}},"line":81},"4":{"name":"(anonymous_4)","decl":{"start":{"line":84,"column":15},"end":{"line":84,"column":16}},"loc":{"start":{"line":84,"column":21},"end":{"line":84,"column":45}},"line":84},"5":{"name":"(anonymous_5)","decl":{"start":{"line":100,"column":27},"end":{"line":100,"column":28}},"loc":{"start":{"line":101,"column":4},"end":{"line":105,"column":11}},"line":101},"6":{"name":"(anonymous_6)","decl":{"start":{"line":157,"column":19},"end":{"line":157,"column":20}},"loc":{"start":{"line":157,"column":25},"end":{"line":157,"column":78}},"line":157}},"branchMap":{},"s":{"0":0,"1":0,"2":0,"3":0,"4":0,"5":0,"6":0,"7":0,"8":0,"9":0,"10":0,"11":0,"12":0,"13":0,"14":0},"f":{"0":0,"1":0,"2":0,"3":0,"4":0,"5":0,"6":0},"b":{}}
,"C:\\Users\\TR\\Desktop\\KesfetTurkiye\\screens\\CountryAndCitySelect.js": {"path":"C:\\Users\\TR\\Desktop\\KesfetTurkiye\\screens\\CountryAndCitySelect.js","statementMap":{"0":{"start":{"line":27,"column":18},"end":{"line":27,"column":42}},"1":{"start":{"line":28,"column":19},"end":{"line":28,"column":30}},"2":{"start":{"line":30,"column":21},"end":{"line":125,"column":1}},"3":{"start":{"line":31,"column":19},"end":{"line":31,"column":32}},"4":{"start":{"line":32,"column":19},"end":{"line":32,"column":53}},"5":{"start":{"line":32,"column":42},"end":{"line":32,"column":52}},"6":{"start":{"line":33,"column":24},"end":{"line":33,"column":63}},"7":{"start":{"line":33,"column":47},"end":{"line":33,"column":62}},"8":{"start":{"line":34,"column":44},"end":{"line":34,"column":59}},"9":{"start":{"line":36,"column":25},"end":{"line":58,"column":3}},"10":{"start":{"line":37,"column":4},"end":{"line":40,"column":5}},"11":{"start":{"line":38,"column":6},"end":{"line":38,"column":29}},"12":{"start":{"line":39,"column":6},"end":{"line":39,"column":13}},"13":{"start":{"line":42,"column":20},"end":{"line":42,"column":77}},"14":{"start":{"line":43,"column":24},"end":{"line":43,"column":49}},"15":{"start":{"line":45,"column":28},"end":{"line":45,"column":78}},"16":{"start":{"line":45,"column":53},"end":{"line":45,"column":77}},"17":{"start":{"line":47,"column":4},"end":{"line":57,"column":5}},"18":{"start":{"line":48,"column":6},"end":{"line":48,"column":61}},"19":{"start":{"line":50,"column":6},"end":{"line":56,"column":8}},"20":{"start":{"line":60,"column":21},"end":{"line":110,"column":3}},"21":{"start":{"line":61,"column":28},"end":{"line":65,"column":5}},"22":{"start":{"line":63,"column":8},"end":{"line":64,"column":65}},"23":{"start":{"line":67,"column":21},"end":{"line":75,"column":12}},"24":{"start":{"line":77,"column":4},"end":{"line":109,"column":6}},"25":{"start":{"line":80,"column":23},"end":{"line":80,"column":75}},"26":{"start":{"line":85,"column":25},"end":{"line":85,"column":45}},"27":{"start":{"line":112,"column":2},"end":{"line":124,"column":4}},"28":{"start":{"line":119,"column":32},"end":{"line":119,"column":79}},"29":{"start":{"line":128,"column":21},"end":{"line":128,"column":36}},"30":{"start":{"line":129,"column":19},"end":{"line":129,"column":32}},"31":{"start":{"line":130,"column":19},"end":{"line":130,"column":53}},"32":{"start":{"line":130,"column":42},"end":{"line":130,"column":52}},"33":{"start":{"line":131,"column":24},"end":{"line":131,"column":63}},"34":{"start":{"line":131,"column":47},"end":{"line":131,"column":62}},"35":{"start":{"line":133,"column":42},"end":{"line":133,"column":56}},"36":{"start":{"line":134,"column":34},"end":{"line":134,"column":48}},"37":{"start":{"line":135,"column":34},"end":{"line":135,"column":48}},"38":{"start":{"line":136,"column":42},"end":{"line":136,"column":54}},"39":{"start":{"line":137,"column":44},"end":{"line":137,"column":59}},"40":{"start":{"line":138,"column":44},"end":{"line":138,"column":58}},"41":{"start":{"line":139,"column":32},"end":{"line":144,"column":4}},"42":{"start":{"line":146,"column":2},"end":{"line":176,"column":9}},"43":{"start":{"line":147,"column":4},"end":{"line":175,"column":9}},"44":{"start":{"line":148,"column":6},"end":{"line":174,"column":7}},"45":{"start":{"line":149,"column":25},"end":{"line":149,"column":75}},"46":{"start":{"line":150,"column":8},"end":{"line":153,"column":9}},"47":{"start":{"line":151,"column":10},"end":{"line":151,"column":47}},"48":{"start":{"line":152,"column":10},"end":{"line":152,"column":17}},"49":{"start":{"line":155,"column":23},"end":{"line":155,"column":65}},"50":{"start":{"line":156,"column":8},"end":{"line":156,"column":30}},"51":{"start":{"line":159,"column":40},"end":{"line":159,"column":55}},"52":{"start":{"line":160,"column":23},"end":{"line":163,"column":10}},"53":{"start":{"line":165,"column":8},"end":{"line":170,"column":9}},"54":{"start":{"line":166,"column":10},"end":{"line":169,"column":13}},"55":{"start":{"line":172,"column":8},"end":{"line":172,"column":49}},"56":{"start":{"line":173,"column":8},"end":{"line":173,"column":39}},"57":{"start":{"line":178,"column":2},"end":{"line":212,"column":17}},"58":{"start":{"line":179,"column":4},"end":{"line":211,"column":5}},"59":{"start":{"line":180,"column":38},"end":{"line":180,"column":53}},"60":{"start":{"line":182,"column":6},"end":{"line":210,"column":11}},"61":{"start":{"line":183,"column":23},"end":{"line":186,"column":10}},"62":{"start":{"line":188,"column":8},"end":{"line":209,"column":9}},"63":{"start":{"line":189,"column":27},"end":{"line":189,"column":72}},"64":{"start":{"line":190,"column":23},"end":{"line":190,"column":45}},"65":{"start":{"line":191,"column":25},"end":{"line":191,"column":49}},"66":{"start":{"line":193,"column":33},"end":{"line":193,"column":58}},"67":{"start":{"line":194,"column":10},"end":{"line":199,"column":13}},"68":{"start":{"line":201,"column":28},"end":{"line":203,"column":18}},"69":{"start":{"line":202,"column":25},"end":{"line":202,"column":49}},"70":{"start":{"line":205,"column":10},"end":{"line":208,"column":11}},"71":{"start":{"line":206,"column":27},"end":{"line":206,"column":79}},"72":{"start":{"line":207,"column":12},"end":{"line":207,"column":36}},"73":{"start":{"line":214,"column":2},"end":{"line":309,"column":4}},"74":{"start":{"line":248,"column":14},"end":{"line":248,"column":36}},"75":{"start":{"line":249,"column":14},"end":{"line":251,"column":17}},"76":{"start":{"line":270,"column":31},"end":{"line":270,"column":54}},"77":{"start":{"line":291,"column":14},"end":{"line":291,"column":38}},"78":{"start":{"line":292,"column":14},"end":{"line":292,"column":43}},"79":{"start":{"line":300,"column":14},"end":{"line":300,"column":38}},"80":{"start":{"line":301,"column":14},"end":{"line":301,"column":44}},"81":{"start":{"line":312,"column":15},"end":{"line":486,"column":2}}},"fnMap":{"0":{"name":"(anonymous_0)","decl":{"start":{"line":30,"column":21},"end":{"line":30,"column":22}},"loc":{"start":{"line":30,"column":59},"end":{"line":125,"column":1}},"line":30},"1":{"name":"(anonymous_1)","decl":{"start":{"line":32,"column":31},"end":{"line":32,"column":32}},"loc":{"start":{"line":32,"column":42},"end":{"line":32,"column":52}},"line":32},"2":{"name":"(anonymous_2)","decl":{"start":{"line":33,"column":36},"end":{"line":33,"column":37}},"loc":{"start":{"line":33,"column":47},"end":{"line":33,"column":62}},"line":33},"3":{"name":"(anonymous_3)","decl":{"start":{"line":36,"column":25},"end":{"line":36,"column":26}},"loc":{"start":{"line":36,"column":36},"end":{"line":58,"column":3}},"line":36},"4":{"name":"(anonymous_4)","decl":{"start":{"line":45,"column":44},"end":{"line":45,"column":45}},"loc":{"start":{"line":45,"column":53},"end":{"line":45,"column":77}},"line":45},"5":{"name":"(anonymous_5)","decl":{"start":{"line":60,"column":21},"end":{"line":60,"column":22}},"loc":{"start":{"line":60,"column":35},"end":{"line":110,"column":3}},"line":60},"6":{"name":"(anonymous_6)","decl":{"start":{"line":62,"column":6},"end":{"line":62,"column":7}},"loc":{"start":{"line":63,"column":8},"end":{"line":64,"column":65}},"line":63},"7":{"name":"(anonymous_7)","decl":{"start":{"line":80,"column":17},"end":{"line":80,"column":18}},"loc":{"start":{"line":80,"column":23},"end":{"line":80,"column":75}},"line":80},"8":{"name":"(anonymous_8)","decl":{"start":{"line":85,"column":19},"end":{"line":85,"column":20}},"loc":{"start":{"line":85,"column":25},"end":{"line":85,"column":45}},"line":85},"9":{"name":"(anonymous_9)","decl":{"start":{"line":119,"column":22},"end":{"line":119,"column":23}},"loc":{"start":{"line":119,"column":32},"end":{"line":119,"column":79}},"line":119},"10":{"name":"CountryAndCitySelect","decl":{"start":{"line":127,"column":24},"end":{"line":127,"column":44}},"loc":{"start":{"line":127,"column":47},"end":{"line":310,"column":1}},"line":127},"11":{"name":"(anonymous_11)","decl":{"start":{"line":130,"column":31},"end":{"line":130,"column":32}},"loc":{"start":{"line":130,"column":42},"end":{"line":130,"column":52}},"line":130},"12":{"name":"(anonymous_12)","decl":{"start":{"line":131,"column":36},"end":{"line":131,"column":37}},"loc":{"start":{"line":131,"column":47},"end":{"line":131,"column":62}},"line":131},"13":{"name":"(anonymous_13)","decl":{"start":{"line":146,"column":12},"end":{"line":146,"column":13}},"loc":{"start":{"line":146,"column":18},"end":{"line":176,"column":3}},"line":146},"14":{"name":"(anonymous_14)","decl":{"start":{"line":147,"column":5},"end":{"line":147,"column":6}},"loc":{"start":{"line":147,"column":17},"end":{"line":175,"column":5}},"line":147},"15":{"name":"(anonymous_15)","decl":{"start":{"line":178,"column":12},"end":{"line":178,"column":13}},"loc":{"start":{"line":178,"column":18},"end":{"line":212,"column":3}},"line":178},"16":{"name":"(anonymous_16)","decl":{"start":{"line":182,"column":7},"end":{"line":182,"column":8}},"loc":{"start":{"line":182,"column":19},"end":{"line":210,"column":7}},"line":182},"17":{"name":"(anonymous_17)","decl":{"start":{"line":202,"column":12},"end":{"line":202,"column":13}},"loc":{"start":{"line":202,"column":25},"end":{"line":202,"column":49}},"line":202},"18":{"name":"(anonymous_18)","decl":{"start":{"line":247,"column":22},"end":{"line":247,"column":23}},"loc":{"start":{"line":247,"column":32},"end":{"line":252,"column":13}},"line":247},"19":{"name":"(anonymous_19)","decl":{"start":{"line":270,"column":25},"end":{"line":270,"column":26}},"loc":{"start":{"line":270,"column":31},"end":{"line":270,"column":54}},"line":270},"20":{"name":"(anonymous_20)","decl":{"start":{"line":290,"column":21},"end":{"line":290,"column":22}},"loc":{"start":{"line":290,"column":27},"end":{"line":293,"column":13}},"line":290},"21":{"name":"(anonymous_21)","decl":{"start":{"line":299,"column":21},"end":{"line":299,"column":22}},"loc":{"start":{"line":299,"column":27},"end":{"line":302,"column":13}},"line":299}},"branchMap":{"0":{"loc":{"start":{"line":37,"column":4},"end":{"line":40,"column":5}},"type":"if","locations":[{"start":{"line":37,"column":4},"end":{"line":40,"column":5}},{"start":{},"end":{}}],"line":37},"1":{"loc":{"start":{"line":42,"column":20},"end":{"line":42,"column":77}},"type":"binary-expr","locations":[{"start":{"line":42,"column":20},"end":{"line":42,"column":28}},{"start":{"line":42,"column":32},"end":{"line":42,"column":77}}],"line":42},"2":{"loc":{"start":{"line":47,"column":4},"end":{"line":57,"column":5}},"type":"if","locations":[{"start":{"line":47,"column":4},"end":{"line":57,"column":5}},{"start":{"line":49,"column":11},"end":{"line":57,"column":5}}],"line":47},"3":{"loc":{"start":{"line":64,"column":9},"end":{"line":64,"column":64}},"type":"binary-expr","locations":[{"start":{"line":64,"column":9},"end":{"line":64,"column":16}},{"start":{"line":64,"column":20},"end":{"line":64,"column":64}}],"line":64},"4":{"loc":{"start":{"line":67,"column":21},"end":{"line":75,"column":12}},"type":"cond-expr","locations":[{"start":{"line":68,"column":8},"end":{"line":74,"column":16}},{"start":{"line":75,"column":8},"end":{"line":75,"column":12}}],"line":67},"5":{"loc":{"start":{"line":88,"column":18},"end":{"line":88,"column":66}},"type":"cond-expr","locations":[{"start":{"line":88,"column":36},"end":{"line":88,"column":46}},{"start":{"line":88,"column":49},"end":{"line":88,"column":66}}],"line":88},"6":{"loc":{"start":{"line":91,"column":19},"end":{"line":91,"column":55}},"type":"cond-expr","locations":[{"start":{"line":91,"column":37},"end":{"line":91,"column":46}},{"start":{"line":91,"column":49},"end":{"line":91,"column":55}}],"line":91},"7":{"loc":{"start":{"line":104,"column":11},"end":{"line":106,"column":11}},"type":"binary-expr","locations":[{"start":{"line":104,"column":11},"end":{"line":104,"column":28}},{"start":{"line":105,"column":12},"end":{"line":105,"column":77}}],"line":104},"8":{"loc":{"start":{"line":119,"column":32},"end":{"line":119,"column":79}},"type":"binary-expr","locations":[{"start":{"line":119,"column":32},"end":{"line":119,"column":51}},{"start":{"line":119,"column":55},"end":{"line":119,"column":79}}],"line":119},"9":{"loc":{"start":{"line":150,"column":8},"end":{"line":153,"column":9}},"type":"if","locations":[{"start":{"line":150,"column":8},"end":{"line":153,"column":9}},{"start":{},"end":{}}],"line":150},"10":{"loc":{"start":{"line":165,"column":8},"end":{"line":170,"column":9}},"type":"if","locations":[{"start":{"line":165,"column":8},"end":{"line":170,"column":9}},{"start":{},"end":{}}],"line":165},"11":{"loc":{"start":{"line":165,"column":12},"end":{"line":165,"column":35}},"type":"binary-expr","locations":[{"start":{"line":165,"column":12},"end":{"line":165,"column":20}},{"start":{"line":165,"column":24},"end":{"line":165,"column":35}}],"line":165},"12":{"loc":{"start":{"line":167,"column":22},"end":{"line":167,"column":73}},"type":"binary-expr","locations":[{"start":{"line":167,"column":22},"end":{"line":167,"column":42}},{"start":{"line":167,"column":46},"end":{"line":167,"column":67}},{"start":{"line":167,"column":71},"end":{"line":167,"column":73}}],"line":167},"13":{"loc":{"start":{"line":168,"column":18},"end":{"line":168,"column":40}},"type":"binary-expr","locations":[{"start":{"line":168,"column":18},"end":{"line":168,"column":34}},{"start":{"line":168,"column":38},"end":{"line":168,"column":40}}],"line":168},"14":{"loc":{"start":{"line":179,"column":4},"end":{"line":211,"column":5}},"type":"if","locations":[{"start":{"line":179,"column":4},"end":{"line":211,"column":5}},{"start":{},"end":{}}],"line":179},"15":{"loc":{"start":{"line":188,"column":8},"end":{"line":209,"column":9}},"type":"if","locations":[{"start":{"line":188,"column":8},"end":{"line":209,"column":9}},{"start":{},"end":{}}],"line":188},"16":{"loc":{"start":{"line":188,"column":12},"end":{"line":188,"column":35}},"type":"binary-expr","locations":[{"start":{"line":188,"column":12},"end":{"line":188,"column":20}},{"start":{"line":188,"column":24},"end":{"line":188,"column":35}}],"line":188},"17":{"loc":{"start":{"line":189,"column":27},"end":{"line":189,"column":72}},"type":"binary-expr","locations":[{"start":{"line":189,"column":27},"end":{"line":189,"column":47}},{"start":{"line":189,"column":51},"end":{"line":189,"column":72}}],"line":189},"18":{"loc":{"start":{"line":190,"column":23},"end":{"line":190,"column":45}},"type":"binary-expr","locations":[{"start":{"line":190,"column":23},"end":{"line":190,"column":39}},{"start":{"line":190,"column":43},"end":{"line":190,"column":45}}],"line":190},"19":{"loc":{"start":{"line":191,"column":25},"end":{"line":191,"column":49}},"type":"binary-expr","locations":[{"start":{"line":191,"column":25},"end":{"line":191,"column":43}},{"start":{"line":191,"column":47},"end":{"line":191,"column":49}}],"line":191},"20":{"loc":{"start":{"line":205,"column":10},"end":{"line":208,"column":11}},"type":"if","locations":[{"start":{"line":205,"column":10},"end":{"line":208,"column":11}},{"start":{},"end":{}}],"line":205},"21":{"loc":{"start":{"line":230,"column":13},"end":{"line":238,"column":13}},"type":"cond-expr","locations":[{"start":{"line":231,"column":14},"end":{"line":231,"column":67}},{"start":{"line":232,"column":16},"end":{"line":238,"column":13}}],"line":230},"22":{"loc":{"start":{"line":232,"column":16},"end":{"line":238,"column":13}},"type":"cond-expr","locations":[{"start":{"line":233,"column":14},"end":{"line":233,"column":71}},{"start":{"line":235,"column":14},"end":{"line":237,"column":21}}],"line":232},"23":{"loc":{"start":{"line":232,"column":16},"end":{"line":232,"column":50}},"type":"binary-expr","locations":[{"start":{"line":232,"column":16},"end":{"line":232,"column":33}},{"start":{"line":232,"column":37},"end":{"line":232,"column":50}}],"line":232},"24":{"loc":{"start":{"line":257,"column":9},"end":{"line":263,"column":9}},"type":"binary-expr","locations":[{"start":{"line":257,"column":9},"end":{"line":257,"column":17}},{"start":{"line":257,"column":21},"end":{"line":257,"column":44}},{"start":{"line":258,"column":10},"end":{"line":262,"column":12}}],"line":257},"25":{"loc":{"start":{"line":324,"column":15},"end":{"line":324,"column":46}},"type":"cond-expr","locations":[{"start":{"line":324,"column":39},"end":{"line":324,"column":41}},{"start":{"line":324,"column":44},"end":{"line":324,"column":46}}],"line":324}},"s":{"0":0,"1":0,"2":0,"3":0,"4":0,"5":0,"6":0,"7":0,"8":0,"9":0,"10":0,"11":0,"12":0,"13":0,"14":0,"15":0,"16":0,"17":0,"18":0,"19":0,"20":0,"21":0,"22":0,"23":0,"24":0,"25":0,"26":0,"27":0,"28":0,"29":0,"30":0,"31":0,"32":0,"33":0,"34":0,"35":0,"36":0,"37":0,"38":0,"39":0,"40":0,"41":0,"42":0,"43":0,"44":0,"45":0,"46":0,"47":0,"48":0,"49":0,"50":0,"51":0,"52":0,"53":0,"54":0,"55":0,"56":0,"57":0,"58":0,"59":0,"60":0,"61":0,"62":0,"63":0,"64":0,"65":0,"66":0,"67":0,"68":0,"69":0,"70":0,"71":0,"72":0,"73":0,"74":0,"75":0,"76":0,"77":0,"78":0,"79":0,"80":0,"81":0},"f":{"0":0,"1":0,"2":0,"3":0,"4":0,"5":0,"6":0,"7":0,"8":0,"9":0,"10":0,"11":0,"12":0,"13":0,"14":0,"15":0,"16":0,"17":0,"18":0,"19":0,"20":0,"21":0},"b":{"0":[0,0],"1":[0,0],"2":[0,0],"3":[0,0],"4":[0,0],"5":[0,0],"6":[0,0],"7":[0,0],"8":[0,0],"9":[0,0],"10":[0,0],"11":[0,0],"12":[0,0,0],"13":[0,0],"14":[0,0],"15":[0,0],"16":[0,0],"17":[0,0],"18":[0,0],"19":[0,0],"20":[0,0],"21":[0,0],"22":[0,0],"23":[0,0],"24":[0,0,0],"25":[0,0]}}
,"C:\\Users\\TR\\Desktop\\KesfetTurkiye\\screens\\CulturalPlaces.js": {"path":"C:\\Users\\TR\\Desktop\\KesfetTurkiye\\screens\\CulturalPlaces.js","statementMap":{"0":{"start":{"line":20,"column":23},"end":{"line":134,"column":1}},"1":{"start":{"line":21,"column":23},"end":{"line":21,"column":35}},"2":{"start":{"line":22,"column":17},"end":{"line":22,"column":47}},"3":{"start":{"line":23,"column":40},"end":{"line":23,"column":57}},"4":{"start":{"line":24,"column":19},"end":{"line":24,"column":32}},"5":{"start":{"line":25,"column":19},"end":{"line":25,"column":53}},"6":{"start":{"line":25,"column":42},"end":{"line":25,"column":52}},"7":{"start":{"line":26,"column":24},"end":{"line":26,"column":63}},"8":{"start":{"line":26,"column":47},"end":{"line":26,"column":62}},"9":{"start":{"line":27,"column":44},"end":{"line":27,"column":59}},"10":{"start":{"line":29,"column":25},"end":{"line":62,"column":3}},"11":{"start":{"line":30,"column":4},"end":{"line":33,"column":5}},"12":{"start":{"line":31,"column":6},"end":{"line":31,"column":29}},"13":{"start":{"line":32,"column":6},"end":{"line":32,"column":13}},"14":{"start":{"line":35,"column":20},"end":{"line":35,"column":77}},"15":{"start":{"line":36,"column":24},"end":{"line":36,"column":49}},"16":{"start":{"line":38,"column":4},"end":{"line":38,"column":47}},"17":{"start":{"line":39,"column":4},"end":{"line":39,"column":39}},"18":{"start":{"line":40,"column":4},"end":{"line":40,"column":49}},"19":{"start":{"line":42,"column":28},"end":{"line":42,"column":78}},"20":{"start":{"line":42,"column":53},"end":{"line":42,"column":77}},"21":{"start":{"line":43,"column":4},"end":{"line":43,"column":63}},"22":{"start":{"line":45,"column":4},"end":{"line":61,"column":5}},"23":{"start":{"line":46,"column":6},"end":{"line":46,"column":76}},"24":{"start":{"line":47,"column":6},"end":{"line":47,"column":61}},"25":{"start":{"line":49,"column":6},"end":{"line":53,"column":9}},"26":{"start":{"line":54,"column":6},"end":{"line":60,"column":8}},"27":{"start":{"line":64,"column":23},"end":{"line":90,"column":3}},"28":{"start":{"line":65,"column":27},"end":{"line":65,"column":72}},"29":{"start":{"line":65,"column":52},"end":{"line":65,"column":71}},"30":{"start":{"line":66,"column":4},"end":{"line":89,"column":6}},"31":{"start":{"line":74,"column":12},"end":{"line":79,"column":14}},"32":{"start":{"line":77,"column":29},"end":{"line":77,"column":75}},"33":{"start":{"line":78,"column":32},"end":{"line":78,"column":53}},"34":{"start":{"line":92,"column":2},"end":{"line":133,"column":4}},"35":{"start":{"line":101,"column":31},"end":{"line":101,"column":54}},"36":{"start":{"line":115,"column":14},"end":{"line":115,"column":38}},"37":{"start":{"line":116,"column":14},"end":{"line":116,"column":43}},"38":{"start":{"line":124,"column":14},"end":{"line":124,"column":38}},"39":{"start":{"line":125,"column":14},"end":{"line":125,"column":44}},"40":{"start":{"line":136,"column":15},"end":{"line":194,"column":2}}},"fnMap":{"0":{"name":"(anonymous_0)","decl":{"start":{"line":20,"column":23},"end":{"line":20,"column":24}},"loc":{"start":{"line":20,"column":50},"end":{"line":134,"column":1}},"line":20},"1":{"name":"(anonymous_1)","decl":{"start":{"line":25,"column":31},"end":{"line":25,"column":32}},"loc":{"start":{"line":25,"column":42},"end":{"line":25,"column":52}},"line":25},"2":{"name":"(anonymous_2)","decl":{"start":{"line":26,"column":36},"end":{"line":26,"column":37}},"loc":{"start":{"line":26,"column":47},"end":{"line":26,"column":62}},"line":26},"3":{"name":"(anonymous_3)","decl":{"start":{"line":29,"column":25},"end":{"line":29,"column":26}},"loc":{"start":{"line":29,"column":36},"end":{"line":62,"column":3}},"line":29},"4":{"name":"(anonymous_4)","decl":{"start":{"line":42,"column":44},"end":{"line":42,"column":45}},"loc":{"start":{"line":42,"column":53},"end":{"line":42,"column":77}},"line":42},"5":{"name":"(anonymous_5)","decl":{"start":{"line":64,"column":23},"end":{"line":64,"column":24}},"loc":{"start":{"line":64,"column":33},"end":{"line":90,"column":3}},"line":64},"6":{"name":"(anonymous_6)","decl":{"start":{"line":65,"column":41},"end":{"line":65,"column":42}},"loc":{"start":{"line":65,"column":52},"end":{"line":65,"column":71}},"line":65},"7":{"name":"(anonymous_7)","decl":{"start":{"line":73,"column":29},"end":{"line":73,"column":30}},"loc":{"start":{"line":74,"column":12},"end":{"line":79,"column":14}},"line":74},"8":{"name":"(anonymous_8)","decl":{"start":{"line":77,"column":23},"end":{"line":77,"column":24}},"loc":{"start":{"line":77,"column":29},"end":{"line":77,"column":75}},"line":77},"9":{"name":"(anonymous_9)","decl":{"start":{"line":78,"column":26},"end":{"line":78,"column":27}},"loc":{"start":{"line":78,"column":32},"end":{"line":78,"column":53}},"line":78},"10":{"name":"(anonymous_10)","decl":{"start":{"line":101,"column":25},"end":{"line":101,"column":26}},"loc":{"start":{"line":101,"column":31},"end":{"line":101,"column":54}},"line":101},"11":{"name":"(anonymous_11)","decl":{"start":{"line":114,"column":21},"end":{"line":114,"column":22}},"loc":{"start":{"line":114,"column":27},"end":{"line":117,"column":13}},"line":114},"12":{"name":"(anonymous_12)","decl":{"start":{"line":123,"column":21},"end":{"line":123,"column":22}},"loc":{"start":{"line":123,"column":27},"end":{"line":126,"column":13}},"line":123}},"branchMap":{"0":{"loc":{"start":{"line":22,"column":17},"end":{"line":22,"column":47}},"type":"binary-expr","locations":[{"start":{"line":22,"column":17},"end":{"line":22,"column":41}},{"start":{"line":22,"column":45},"end":{"line":22,"column":47}}],"line":22},"1":{"loc":{"start":{"line":30,"column":4},"end":{"line":33,"column":5}},"type":"if","locations":[{"start":{"line":30,"column":4},"end":{"line":33,"column":5}},{"start":{},"end":{}}],"line":30},"2":{"loc":{"start":{"line":35,"column":20},"end":{"line":35,"column":77}},"type":"binary-expr","locations":[{"start":{"line":35,"column":20},"end":{"line":35,"column":28}},{"start":{"line":35,"column":32},"end":{"line":35,"column":77}}],"line":35},"3":{"loc":{"start":{"line":45,"column":4},"end":{"line":61,"column":5}},"type":"if","locations":[{"start":{"line":45,"column":4},"end":{"line":61,"column":5}},{"start":{"line":48,"column":11},"end":{"line":61,"column":5}}],"line":45},"4":{"loc":{"start":{"line":72,"column":9},"end":{"line":87,"column":9}},"type":"cond-expr","locations":[{"start":{"line":73,"column":10},"end":{"line":80,"column":12}},{"start":{"line":82,"column":10},"end":{"line":86,"column":17}}],"line":72}},"s":{"0":0,"1":0,"2":0,"3":0,"4":0,"5":0,"6":0,"7":0,"8":0,"9":0,"10":0,"11":0,"12":0,"13":0,"14":0,"15":0,"16":0,"17":0,"18":0,"19":0,"20":0,"21":0,"22":0,"23":0,"24":0,"25":0,"26":0,"27":0,"28":0,"29":0,"30":0,"31":0,"32":0,"33":0,"34":0,"35":0,"36":0,"37":0,"38":0,"39":0,"40":0},"f":{"0":0,"1":0,"2":0,"3":0,"4":0,"5":0,"6":0,"7":0,"8":0,"9":0,"10":0,"11":0,"12":0},"b":{"0":[0,0],"1":[0,0],"2":[0,0],"3":[0,0],"4":[0,0]}}
,"C:\\Users\\TR\\Desktop\\KesfetTurkiye\\screens\\EditProfileScreen.js": {"path":"C:\\Users\\TR\\Desktop\\KesfetTurkiye\\screens\\EditProfileScreen.js","statementMap":{"0":{"start":{"line":21,"column":26},"end":{"line":168,"column":1}},"1":{"start":{"line":22,"column":19},"end":{"line":22,"column":32}},"2":{"start":{"line":23,"column":17},"end":{"line":23,"column":36}},"3":{"start":{"line":24,"column":19},"end":{"line":24,"column":53}},"4":{"start":{"line":24,"column":42},"end":{"line":24,"column":52}},"5":{"start":{"line":25,"column":24},"end":{"line":25,"column":58}},"6":{"start":{"line":25,"column":47},"end":{"line":25,"column":57}},"7":{"start":{"line":27,"column":34},"end":{"line":29,"column":3}},"8":{"start":{"line":30,"column":30},"end":{"line":30,"column":79}},"9":{"start":{"line":31,"column":40},"end":{"line":31,"column":55}},"10":{"start":{"line":33,"column":26},"end":{"line":80,"column":3}},"11":{"start":{"line":34,"column":4},"end":{"line":79,"column":5}},"12":{"start":{"line":35,"column":21},"end":{"line":40,"column":8}},"13":{"start":{"line":42,"column":6},"end":{"line":73,"column":7}},"14":{"start":{"line":43,"column":8},"end":{"line":43,"column":29}},"15":{"start":{"line":44,"column":21},"end":{"line":44,"column":37}},"16":{"start":{"line":45,"column":24},"end":{"line":45,"column":49}},"17":{"start":{"line":46,"column":25},"end":{"line":46,"column":62}},"18":{"start":{"line":47,"column":25},"end":{"line":47,"column":38}},"19":{"start":{"line":50,"column":25},"end":{"line":50,"column":46}},"20":{"start":{"line":51,"column":21},"end":{"line":51,"column":42}},"21":{"start":{"line":54,"column":45},"end":{"line":59,"column":12}},"22":{"start":{"line":61,"column":8},"end":{"line":61,"column":43}},"23":{"start":{"line":61,"column":25},"end":{"line":61,"column":43}},"24":{"start":{"line":67,"column":12},"end":{"line":67,"column":67}},"25":{"start":{"line":69,"column":8},"end":{"line":69,"column":37}},"26":{"start":{"line":69,"column":22},"end":{"line":69,"column":37}},"27":{"start":{"line":71,"column":8},"end":{"line":71,"column":29}},"28":{"start":{"line":72,"column":8},"end":{"line":72,"column":46}},"29":{"start":{"line":75,"column":6},"end":{"line":75,"column":66}},"30":{"start":{"line":76,"column":6},"end":{"line":76,"column":50}},"31":{"start":{"line":78,"column":6},"end":{"line":78,"column":28}},"32":{"start":{"line":82,"column":21},"end":{"line":98,"column":3}},"33":{"start":{"line":83,"column":4},"end":{"line":97,"column":5}},"34":{"start":{"line":84,"column":30},"end":{"line":88,"column":7}},"35":{"start":{"line":90,"column":6},"end":{"line":90,"column":66}},"36":{"start":{"line":91,"column":6},"end":{"line":93,"column":7}},"37":{"start":{"line":92,"column":8},"end":{"line":92,"column":28}},"38":{"start":{"line":95,"column":6},"end":{"line":95,"column":67}},"39":{"start":{"line":96,"column":6},"end":{"line":96,"column":52}},"40":{"start":{"line":100,"column":2},"end":{"line":167,"column":4}},"41":{"start":{"line":108,"column":25},"end":{"line":108,"column":44}},"42":{"start":{"line":115,"column":25},"end":{"line":115,"column":45}},"43":{"start":{"line":143,"column":37},"end":{"line":143,"column":65}},"44":{"start":{"line":170,"column":15},"end":{"line":267,"column":2}}},"fnMap":{"0":{"name":"(anonymous_0)","decl":{"start":{"line":21,"column":26},"end":{"line":21,"column":27}},"loc":{"start":{"line":21,"column":46},"end":{"line":168,"column":1}},"line":21},"1":{"name":"(anonymous_1)","decl":{"start":{"line":24,"column":31},"end":{"line":24,"column":32}},"loc":{"start":{"line":24,"column":42},"end":{"line":24,"column":52}},"line":24},"2":{"name":"(anonymous_2)","decl":{"start":{"line":25,"column":36},"end":{"line":25,"column":37}},"loc":{"start":{"line":25,"column":47},"end":{"line":25,"column":57}},"line":25},"3":{"name":"(anonymous_3)","decl":{"start":{"line":33,"column":26},"end":{"line":33,"column":27}},"loc":{"start":{"line":33,"column":38},"end":{"line":80,"column":3}},"line":33},"4":{"name":"(anonymous_4)","decl":{"start":{"line":82,"column":21},"end":{"line":82,"column":22}},"loc":{"start":{"line":82,"column":57},"end":{"line":98,"column":3}},"line":82},"5":{"name":"(anonymous_5)","decl":{"start":{"line":108,"column":19},"end":{"line":108,"column":20}},"loc":{"start":{"line":108,"column":25},"end":{"line":108,"column":44}},"line":108},"6":{"name":"(anonymous_6)","decl":{"start":{"line":115,"column":19},"end":{"line":115,"column":20}},"loc":{"start":{"line":115,"column":25},"end":{"line":115,"column":45}},"line":115},"7":{"name":"(anonymous_7)","decl":{"start":{"line":143,"column":27},"end":{"line":143,"column":28}},"loc":{"start":{"line":143,"column":37},"end":{"line":143,"column":65}},"line":143}},"branchMap":{"0":{"loc":{"start":{"line":28,"column":4},"end":{"line":28,"column":40}},"type":"binary-expr","locations":[{"start":{"line":28,"column":4},"end":{"line":28,"column":34}},{"start":{"line":28,"column":38},"end":{"line":28,"column":40}}],"line":28},"1":{"loc":{"start":{"line":30,"column":39},"end":{"line":30,"column":78}},"type":"binary-expr","locations":[{"start":{"line":30,"column":39},"end":{"line":30,"column":70}},{"start":{"line":30,"column":74},"end":{"line":30,"column":78}}],"line":30},"2":{"loc":{"start":{"line":42,"column":6},"end":{"line":73,"column":7}},"type":"if","locations":[{"start":{"line":42,"column":6},"end":{"line":73,"column":7}},{"start":{},"end":{}}],"line":42},"3":{"loc":{"start":{"line":61,"column":8},"end":{"line":61,"column":43}},"type":"if","locations":[{"start":{"line":61,"column":8},"end":{"line":61,"column":43}},{"start":{},"end":{}}],"line":61},"4":{"loc":{"start":{"line":69,"column":8},"end":{"line":69,"column":37}},"type":"if","locations":[{"start":{"line":69,"column":8},"end":{"line":69,"column":37}},{"start":{},"end":{}}],"line":69},"5":{"loc":{"start":{"line":82,"column":34},"end":{"line":82,"column":52}},"type":"default-arg","locations":[{"start":{"line":82,"column":46},"end":{"line":82,"column":52}}],"line":82},"6":{"loc":{"start":{"line":91,"column":6},"end":{"line":93,"column":7}},"type":"if","locations":[{"start":{"line":91,"column":6},"end":{"line":93,"column":7}},{"start":{},"end":{}}],"line":91},"7":{"loc":{"start":{"line":103,"column":16},"end":{"line":103,"column":61}},"type":"cond-expr","locations":[{"start":{"line":103,"column":40},"end":{"line":103,"column":49}},{"start":{"line":103,"column":52},"end":{"line":103,"column":61}}],"line":103},"8":{"loc":{"start":{"line":116,"column":20},"end":{"line":116,"column":44}},"type":"binary-expr","locations":[{"start":{"line":116,"column":20},"end":{"line":116,"column":29}},{"start":{"line":116,"column":33},"end":{"line":116,"column":44}}],"line":116},"9":{"loc":{"start":{"line":118,"column":11},"end":{"line":122,"column":11}},"type":"cond-expr","locations":[{"start":{"line":119,"column":12},"end":{"line":119,"column":59}},{"start":{"line":121,"column":12},"end":{"line":121,"column":61}}],"line":118},"10":{"loc":{"start":{"line":132,"column":11},"end":{"line":148,"column":11}},"type":"cond-expr","locations":[{"start":{"line":133,"column":12},"end":{"line":133,"column":62}},{"start":{"line":134,"column":14},"end":{"line":148,"column":11}}],"line":132},"11":{"loc":{"start":{"line":134,"column":14},"end":{"line":148,"column":11}},"type":"cond-expr","locations":[{"start":{"line":135,"column":12},"end":{"line":135,"column":68}},{"start":{"line":137,"column":12},"end":{"line":147,"column":19}}],"line":134},"12":{"loc":{"start":{"line":139,"column":17},"end":{"line":145,"column":56}},"type":"cond-expr","locations":[{"start":{"line":140,"column":20},"end":{"line":144,"column":31}},{"start":{"line":145,"column":20},"end":{"line":145,"column":56}}],"line":139}},"s":{"0":0,"1":0,"2":0,"3":0,"4":0,"5":0,"6":0,"7":0,"8":0,"9":0,"10":0,"11":0,"12":0,"13":0,"14":0,"15":0,"16":0,"17":0,"18":0,"19":0,"20":0,"21":0,"22":0,"23":0,"24":0,"25":0,"26":0,"27":0,"28":0,"29":0,"30":0,"31":0,"32":0,"33":0,"34":0,"35":0,"36":0,"37":0,"38":0,"39":0,"40":0,"41":0,"42":0,"43":0,"44":0},"f":{"0":0,"1":0,"2":0,"3":0,"4":0,"5":0,"6":0,"7":0},"b":{"0":[0,0],"1":[0,0],"2":[0,0],"3":[0,0],"4":[0,0],"5":[0],"6":[0,0],"7":[0,0],"8":[0,0],"9":[0,0],"10":[0,0],"11":[0,0],"12":[0,0]}}
,"C:\\Users\\TR\\Desktop\\KesfetTurkiye\\screens\\FavoritesScreen.js": {"path":"C:\\Users\\TR\\Desktop\\KesfetTurkiye\\screens\\FavoritesScreen.js","statementMap":{"0":{"start":{"line":21,"column":26},"end":{"line":21,"column":50}},"1":{"start":{"line":23,"column":19},"end":{"line":29,"column":1}},"2":{"start":{"line":31,"column":19},"end":{"line":45,"column":1}},"3":{"start":{"line":32,"column":2},"end":{"line":44,"column":21}},"4":{"start":{"line":47,"column":24},"end":{"line":272,"column":1}},"5":{"start":{"line":48,"column":19},"end":{"line":48,"column":32}},"6":{"start":{"line":49,"column":19},"end":{"line":49,"column":53}},"7":{"start":{"line":49,"column":42},"end":{"line":49,"column":52}},"8":{"start":{"line":50,"column":42},"end":{"line":52,"column":3}},"9":{"start":{"line":51,"column":15},"end":{"line":51,"column":30}},"10":{"start":{"line":54,"column":46},"end":{"line":54,"column":63}},"11":{"start":{"line":55,"column":54},"end":{"line":55,"column":71}},"12":{"start":{"line":56,"column":40},"end":{"line":56,"column":55}},"13":{"start":{"line":57,"column":52},"end":{"line":57,"column":64}},"14":{"start":{"line":59,"column":2},"end":{"line":63,"column":13}},"15":{"start":{"line":60,"column":4},"end":{"line":62,"column":5}},"16":{"start":{"line":61,"column":6},"end":{"line":61,"column":44}},"17":{"start":{"line":65,"column":31},"end":{"line":77,"column":3}},"18":{"start":{"line":66,"column":4},"end":{"line":76,"column":7}},"19":{"start":{"line":67,"column":6},"end":{"line":69,"column":7}},"20":{"start":{"line":68,"column":8},"end":{"line":68,"column":23}},"21":{"start":{"line":70,"column":27},"end":{"line":70,"column":60}},"22":{"start":{"line":70,"column":47},"end":{"line":70,"column":59}},"23":{"start":{"line":71,"column":6},"end":{"line":74,"column":7}},"24":{"start":{"line":72,"column":25},"end":{"line":72,"column":71}},"25":{"start":{"line":72,"column":53},"end":{"line":72,"column":70}},"26":{"start":{"line":73,"column":8},"end":{"line":73,"column":58}},"27":{"start":{"line":75,"column":6},"end":{"line":75,"column":43}},"28":{"start":{"line":79,"column":27},"end":{"line":91,"column":3}},"29":{"start":{"line":80,"column":4},"end":{"line":90,"column":7}},"30":{"start":{"line":81,"column":6},"end":{"line":83,"column":7}},"31":{"start":{"line":82,"column":8},"end":{"line":82,"column":23}},"32":{"start":{"line":84,"column":27},"end":{"line":84,"column":60}},"33":{"start":{"line":84,"column":47},"end":{"line":84,"column":59}},"34":{"start":{"line":85,"column":6},"end":{"line":88,"column":7}},"35":{"start":{"line":86,"column":25},"end":{"line":86,"column":67}},"36":{"start":{"line":86,"column":53},"end":{"line":86,"column":66}},"37":{"start":{"line":87,"column":8},"end":{"line":87,"column":58}},"38":{"start":{"line":89,"column":6},"end":{"line":89,"column":39}},"39":{"start":{"line":93,"column":2},"end":{"line":111,"column":54}},"40":{"start":{"line":94,"column":4},"end":{"line":110,"column":5}},"41":{"start":{"line":95,"column":21},"end":{"line":95,"column":35}},"42":{"start":{"line":97,"column":6},"end":{"line":101,"column":7}},"43":{"start":{"line":98,"column":8},"end":{"line":100,"column":10}},"44":{"start":{"line":99,"column":10},"end":{"line":99,"column":55}},"45":{"start":{"line":103,"column":6},"end":{"line":107,"column":7}},"46":{"start":{"line":104,"column":8},"end":{"line":106,"column":10}},"47":{"start":{"line":105,"column":10},"end":{"line":105,"column":63}},"48":{"start":{"line":109,"column":6},"end":{"line":109,"column":37}},"49":{"start":{"line":113,"column":27},"end":{"line":139,"column":3}},"50":{"start":{"line":114,"column":4},"end":{"line":138,"column":11}},"51":{"start":{"line":130,"column":10},"end":{"line":133,"column":13}},"52":{"start":{"line":141,"column":23},"end":{"line":156,"column":3}},"53":{"start":{"line":142,"column":4},"end":{"line":155,"column":11}},"54":{"start":{"line":147,"column":25},"end":{"line":147,"column":45}},"55":{"start":{"line":158,"column":28},"end":{"line":221,"column":3}},"56":{"start":{"line":159,"column":4},"end":{"line":220,"column":12}},"57":{"start":{"line":163,"column":28},"end":{"line":163,"column":49}},"58":{"start":{"line":171,"column":29},"end":{"line":171,"column":50}},"59":{"start":{"line":182,"column":18},"end":{"line":187,"column":20}},"60":{"start":{"line":186,"column":35},"end":{"line":186,"column":68}},"61":{"start":{"line":198,"column":33},"end":{"line":198,"column":56}},"62":{"start":{"line":201,"column":18},"end":{"line":206,"column":20}},"63":{"start":{"line":205,"column":35},"end":{"line":205,"column":63}},"64":{"start":{"line":214,"column":27},"end":{"line":214,"column":48}},"65":{"start":{"line":223,"column":2},"end":{"line":229,"column":3}},"66":{"start":{"line":224,"column":4},"end":{"line":228,"column":6}},"67":{"start":{"line":231,"column":2},"end":{"line":238,"column":3}},"68":{"start":{"line":232,"column":4},"end":{"line":237,"column":6}},"69":{"start":{"line":240,"column":2},"end":{"line":248,"column":3}},"70":{"start":{"line":241,"column":4},"end":{"line":247,"column":6}},"71":{"start":{"line":250,"column":2},"end":{"line":271,"column":4}},"72":{"start":{"line":254,"column":32},"end":{"line":254,"column":56}},"73":{"start":{"line":256,"column":10},"end":{"line":263,"column":12}},"74":{"start":{"line":259,"column":14},"end":{"line":261,"column":16}},"75":{"start":{"line":274,"column":15},"end":{"line":443,"column":2}}},"fnMap":{"0":{"name":"(anonymous_0)","decl":{"start":{"line":31,"column":19},"end":{"line":31,"column":20}},"loc":{"start":{"line":32,"column":2},"end":{"line":44,"column":21}},"line":32},"1":{"name":"(anonymous_1)","decl":{"start":{"line":47,"column":24},"end":{"line":47,"column":25}},"loc":{"start":{"line":47,"column":44},"end":{"line":272,"column":1}},"line":47},"2":{"name":"(anonymous_2)","decl":{"start":{"line":49,"column":31},"end":{"line":49,"column":32}},"loc":{"start":{"line":49,"column":42},"end":{"line":49,"column":52}},"line":49},"3":{"name":"(anonymous_3)","decl":{"start":{"line":51,"column":4},"end":{"line":51,"column":5}},"loc":{"start":{"line":51,"column":15},"end":{"line":51,"column":30}},"line":51},"4":{"name":"(anonymous_4)","decl":{"start":{"line":59,"column":12},"end":{"line":59,"column":13}},"loc":{"start":{"line":59,"column":18},"end":{"line":63,"column":3}},"line":59},"5":{"name":"(anonymous_5)","decl":{"start":{"line":65,"column":31},"end":{"line":65,"column":32}},"loc":{"start":{"line":65,"column":47},"end":{"line":77,"column":3}},"line":65},"6":{"name":"(anonymous_6)","decl":{"start":{"line":66,"column":26},"end":{"line":66,"column":27}},"loc":{"start":{"line":66,"column":36},"end":{"line":76,"column":5}},"line":66},"7":{"name":"(anonymous_7)","decl":{"start":{"line":70,"column":39},"end":{"line":70,"column":40}},"loc":{"start":{"line":70,"column":47},"end":{"line":70,"column":59}},"line":70},"8":{"name":"(anonymous_8)","decl":{"start":{"line":72,"column":45},"end":{"line":72,"column":46}},"loc":{"start":{"line":72,"column":53},"end":{"line":72,"column":70}},"line":72},"9":{"name":"(anonymous_9)","decl":{"start":{"line":79,"column":27},"end":{"line":79,"column":28}},"loc":{"start":{"line":79,"column":39},"end":{"line":91,"column":3}},"line":79},"10":{"name":"(anonymous_10)","decl":{"start":{"line":80,"column":22},"end":{"line":80,"column":23}},"loc":{"start":{"line":80,"column":32},"end":{"line":90,"column":5}},"line":80},"11":{"name":"(anonymous_11)","decl":{"start":{"line":84,"column":39},"end":{"line":84,"column":40}},"loc":{"start":{"line":84,"column":47},"end":{"line":84,"column":59}},"line":84},"12":{"name":"(anonymous_12)","decl":{"start":{"line":86,"column":45},"end":{"line":86,"column":46}},"loc":{"start":{"line":86,"column":53},"end":{"line":86,"column":66}},"line":86},"13":{"name":"(anonymous_13)","decl":{"start":{"line":93,"column":12},"end":{"line":93,"column":13}},"loc":{"start":{"line":93,"column":18},"end":{"line":111,"column":3}},"line":93},"14":{"name":"(anonymous_14)","decl":{"start":{"line":98,"column":35},"end":{"line":98,"column":36}},"loc":{"start":{"line":99,"column":10},"end":{"line":99,"column":55}},"line":99},"15":{"name":"(anonymous_15)","decl":{"start":{"line":104,"column":35},"end":{"line":104,"column":36}},"loc":{"start":{"line":105,"column":10},"end":{"line":105,"column":63}},"line":105},"16":{"name":"(anonymous_16)","decl":{"start":{"line":113,"column":27},"end":{"line":113,"column":28}},"loc":{"start":{"line":114,"column":4},"end":{"line":138,"column":11}},"line":114},"17":{"name":"(anonymous_17)","decl":{"start":{"line":129,"column":17},"end":{"line":129,"column":18}},"loc":{"start":{"line":129,"column":23},"end":{"line":134,"column":9}},"line":129},"18":{"name":"(anonymous_18)","decl":{"start":{"line":141,"column":23},"end":{"line":141,"column":24}},"loc":{"start":{"line":142,"column":4},"end":{"line":155,"column":11}},"line":142},"19":{"name":"(anonymous_19)","decl":{"start":{"line":147,"column":19},"end":{"line":147,"column":20}},"loc":{"start":{"line":147,"column":25},"end":{"line":147,"column":45}},"line":147},"20":{"name":"(anonymous_20)","decl":{"start":{"line":158,"column":28},"end":{"line":158,"column":29}},"loc":{"start":{"line":159,"column":4},"end":{"line":220,"column":12}},"line":159},"21":{"name":"(anonymous_21)","decl":{"start":{"line":163,"column":22},"end":{"line":163,"column":23}},"loc":{"start":{"line":163,"column":28},"end":{"line":163,"column":49}},"line":163},"22":{"name":"(anonymous_22)","decl":{"start":{"line":171,"column":23},"end":{"line":171,"column":24}},"loc":{"start":{"line":171,"column":29},"end":{"line":171,"column":50}},"line":171},"23":{"name":"(anonymous_23)","decl":{"start":{"line":181,"column":32},"end":{"line":181,"column":33}},"loc":{"start":{"line":182,"column":18},"end":{"line":187,"column":20}},"line":182},"24":{"name":"(anonymous_24)","decl":{"start":{"line":186,"column":29},"end":{"line":186,"column":30}},"loc":{"start":{"line":186,"column":35},"end":{"line":186,"column":68}},"line":186},"25":{"name":"(anonymous_25)","decl":{"start":{"line":198,"column":27},"end":{"line":198,"column":28}},"loc":{"start":{"line":198,"column":33},"end":{"line":198,"column":56}},"line":198},"26":{"name":"(anonymous_26)","decl":{"start":{"line":200,"column":31},"end":{"line":200,"column":32}},"loc":{"start":{"line":201,"column":18},"end":{"line":206,"column":20}},"line":201},"27":{"name":"(anonymous_27)","decl":{"start":{"line":205,"column":29},"end":{"line":205,"column":30}},"loc":{"start":{"line":205,"column":35},"end":{"line":205,"column":63}},"line":205},"28":{"name":"(anonymous_28)","decl":{"start":{"line":214,"column":21},"end":{"line":214,"column":22}},"loc":{"start":{"line":214,"column":27},"end":{"line":214,"column":48}},"line":214},"29":{"name":"(anonymous_29)","decl":{"start":{"line":254,"column":22},"end":{"line":254,"column":23}},"loc":{"start":{"line":254,"column":32},"end":{"line":254,"column":56}},"line":254},"30":{"name":"(anonymous_30)","decl":{"start":{"line":255,"column":20},"end":{"line":255,"column":21}},"loc":{"start":{"line":256,"column":10},"end":{"line":263,"column":12}},"line":256},"31":{"name":"(anonymous_31)","decl":{"start":{"line":258,"column":21},"end":{"line":258,"column":22}},"loc":{"start":{"line":259,"column":14},"end":{"line":261,"column":16}},"line":259}},"branchMap":{"0":{"loc":{"start":{"line":33,"column":31},"end":{"line":33,"column":70}},"type":"binary-expr","locations":[{"start":{"line":33,"column":31},"end":{"line":33,"column":41}},{"start":{"line":33,"column":45},"end":{"line":33,"column":70}}],"line":33},"1":{"loc":{"start":{"line":39,"column":8},"end":{"line":39,"column":51}},"type":"binary-expr","locations":[{"start":{"line":39,"column":8},"end":{"line":39,"column":18}},{"start":{"line":39,"column":22},"end":{"line":39,"column":51}}],"line":39},"2":{"loc":{"start":{"line":60,"column":4},"end":{"line":62,"column":5}},"type":"if","locations":[{"start":{"line":60,"column":4},"end":{"line":62,"column":5}},{"start":{},"end":{}}],"line":60},"3":{"loc":{"start":{"line":67,"column":6},"end":{"line":69,"column":7}},"type":"if","locations":[{"start":{"line":67,"column":6},"end":{"line":69,"column":7}},{"start":{},"end":{}}],"line":67},"4":{"loc":{"start":{"line":71,"column":6},"end":{"line":74,"column":7}},"type":"if","locations":[{"start":{"line":71,"column":6},"end":{"line":74,"column":7}},{"start":{},"end":{}}],"line":71},"5":{"loc":{"start":{"line":73,"column":15},"end":{"line":73,"column":57}},"type":"cond-expr","locations":[{"start":{"line":73,"column":39},"end":{"line":73,"column":46}},{"start":{"line":73,"column":49},"end":{"line":73,"column":57}}],"line":73},"6":{"loc":{"start":{"line":81,"column":6},"end":{"line":83,"column":7}},"type":"if","locations":[{"start":{"line":81,"column":6},"end":{"line":83,"column":7}},{"start":{},"end":{}}],"line":81},"7":{"loc":{"start":{"line":85,"column":6},"end":{"line":88,"column":7}},"type":"if","locations":[{"start":{"line":85,"column":6},"end":{"line":88,"column":7}},{"start":{},"end":{}}],"line":85},"8":{"loc":{"start":{"line":87,"column":15},"end":{"line":87,"column":57}},"type":"cond-expr","locations":[{"start":{"line":87,"column":39},"end":{"line":87,"column":46}},{"start":{"line":87,"column":49},"end":{"line":87,"column":57}}],"line":87},"9":{"loc":{"start":{"line":94,"column":4},"end":{"line":110,"column":5}},"type":"if","locations":[{"start":{"line":94,"column":4},"end":{"line":110,"column":5}},{"start":{},"end":{}}],"line":94},"10":{"loc":{"start":{"line":97,"column":6},"end":{"line":101,"column":7}},"type":"if","locations":[{"start":{"line":97,"column":6},"end":{"line":101,"column":7}},{"start":{},"end":{}}],"line":97},"11":{"loc":{"start":{"line":103,"column":6},"end":{"line":107,"column":7}},"type":"if","locations":[{"start":{"line":103,"column":6},"end":{"line":107,"column":7}},{"start":{},"end":{}}],"line":103},"12":{"loc":{"start":{"line":223,"column":2},"end":{"line":229,"column":3}},"type":"if","locations":[{"start":{"line":223,"column":2},"end":{"line":229,"column":3}},{"start":{},"end":{}}],"line":223},"13":{"loc":{"start":{"line":231,"column":2},"end":{"line":238,"column":3}},"type":"if","locations":[{"start":{"line":231,"column":2},"end":{"line":238,"column":3}},{"start":{},"end":{}}],"line":231},"14":{"loc":{"start":{"line":240,"column":2},"end":{"line":248,"column":3}},"type":"if","locations":[{"start":{"line":240,"column":2},"end":{"line":248,"column":3}},{"start":{},"end":{}}],"line":240},"15":{"loc":{"start":{"line":240,"column":6},"end":{"line":240,"column":58}},"type":"binary-expr","locations":[{"start":{"line":240,"column":6},"end":{"line":240,"column":24}},{"start":{"line":240,"column":28},"end":{"line":240,"column":58}}],"line":240},"16":{"loc":{"start":{"line":254,"column":32},"end":{"line":254,"column":56}},"type":"binary-expr","locations":[{"start":{"line":254,"column":32},"end":{"line":254,"column":39}},{"start":{"line":254,"column":43},"end":{"line":254,"column":56}}],"line":254},"17":{"loc":{"start":{"line":281,"column":16},"end":{"line":281,"column":47}},"type":"cond-expr","locations":[{"start":{"line":281,"column":40},"end":{"line":281,"column":42}},{"start":{"line":281,"column":45},"end":{"line":281,"column":47}}],"line":281},"18":{"loc":{"start":{"line":410,"column":19},"end":{"line":410,"column":49}},"type":"cond-expr","locations":[{"start":{"line":410,"column":43},"end":{"line":410,"column":44}},{"start":{"line":410,"column":47},"end":{"line":410,"column":49}}],"line":410}},"s":{"0":0,"1":0,"2":0,"3":0,"4":0,"5":0,"6":0,"7":0,"8":0,"9":0,"10":0,"11":0,"12":0,"13":0,"14":0,"15":0,"16":0,"17":0,"18":0,"19":0,"20":0,"21":0,"22":0,"23":0,"24":0,"25":0,"26":0,"27":0,"28":0,"29":0,"30":0,"31":0,"32":0,"33":0,"34":0,"35":0,"36":0,"37":0,"38":0,"39":0,"40":0,"41":0,"42":0,"43":0,"44":0,"45":0,"46":0,"47":0,"48":0,"49":0,"50":0,"51":0,"52":0,"53":0,"54":0,"55":0,"56":0,"57":0,"58":0,"59":0,"60":0,"61":0,"62":0,"63":0,"64":0,"65":0,"66":0,"67":0,"68":0,"69":0,"70":0,"71":0,"72":0,"73":0,"74":0,"75":0},"f":{"0":0,"1":0,"2":0,"3":0,"4":0,"5":0,"6":0,"7":0,"8":0,"9":0,"10":0,"11":0,"12":0,"13":0,"14":0,"15":0,"16":0,"17":0,"18":0,"19":0,"20":0,"21":0,"22":0,"23":0,"24":0,"25":0,"26":0,"27":0,"28":0,"29":0,"30":0,"31":0},"b":{"0":[0,0],"1":[0,0],"2":[0,0],"3":[0,0],"4":[0,0],"5":[0,0],"6":[0,0],"7":[0,0],"8":[0,0],"9":[0,0],"10":[0,0],"11":[0,0],"12":[0,0],"13":[0,0],"14":[0,0],"15":[0,0],"16":[0,0],"17":[0,0],"18":[0,0]}}
,"C:\\Users\\TR\\Desktop\\KesfetTurkiye\\screens\\HelpScreen.js": {"path":"C:\\Users\\TR\\Desktop\\KesfetTurkiye\\screens\\HelpScreen.js","statementMap":{"0":{"start":{"line":16,"column":17},"end":{"line":37,"column":1}},"1":{"start":{"line":39,"column":24},"end":{"line":62,"column":1}},"2":{"start":{"line":45,"column":18},"end":{"line":45,"column":68}},"3":{"start":{"line":52,"column":18},"end":{"line":52,"column":52}},"4":{"start":{"line":60,"column":18},"end":{"line":60,"column":63}},"5":{"start":{"line":64,"column":22},"end":{"line":89,"column":1}},"6":{"start":{"line":65,"column":30},"end":{"line":65,"column":45}},"7":{"start":{"line":67,"column":2},"end":{"line":88,"column":4}},"8":{"start":{"line":71,"column":23},"end":{"line":71,"column":41}},"9":{"start":{"line":91,"column":19},"end":{"line":145,"column":1}},"10":{"start":{"line":92,"column":17},"end":{"line":92,"column":36}},"11":{"start":{"line":94,"column":30},"end":{"line":115,"column":3}},"12":{"start":{"line":95,"column":4},"end":{"line":114,"column":23}},"13":{"start":{"line":117,"column":2},"end":{"line":144,"column":4}},"14":{"start":{"line":132,"column":12},"end":{"line":132,"column":67}},"15":{"start":{"line":147,"column":15},"end":{"line":261,"column":2}}},"fnMap":{"0":{"name":"(anonymous_0)","decl":{"start":{"line":45,"column":12},"end":{"line":45,"column":13}},"loc":{"start":{"line":45,"column":18},"end":{"line":45,"column":68}},"line":45},"1":{"name":"(anonymous_1)","decl":{"start":{"line":52,"column":12},"end":{"line":52,"column":13}},"loc":{"start":{"line":52,"column":18},"end":{"line":52,"column":52}},"line":52},"2":{"name":"(anonymous_2)","decl":{"start":{"line":60,"column":12},"end":{"line":60,"column":13}},"loc":{"start":{"line":60,"column":18},"end":{"line":60,"column":63}},"line":60},"3":{"name":"(anonymous_3)","decl":{"start":{"line":64,"column":22},"end":{"line":64,"column":23}},"loc":{"start":{"line":64,"column":43},"end":{"line":89,"column":1}},"line":64},"4":{"name":"(anonymous_4)","decl":{"start":{"line":71,"column":17},"end":{"line":71,"column":18}},"loc":{"start":{"line":71,"column":23},"end":{"line":71,"column":41}},"line":71},"5":{"name":"(anonymous_5)","decl":{"start":{"line":91,"column":19},"end":{"line":91,"column":20}},"loc":{"start":{"line":91,"column":25},"end":{"line":145,"column":1}},"line":91},"6":{"name":"(anonymous_6)","decl":{"start":{"line":94,"column":30},"end":{"line":94,"column":31}},"loc":{"start":{"line":95,"column":4},"end":{"line":114,"column":23}},"line":95},"7":{"name":"(anonymous_7)","decl":{"start":{"line":131,"column":24},"end":{"line":131,"column":25}},"loc":{"start":{"line":132,"column":12},"end":{"line":132,"column":67}},"line":132}},"branchMap":{"0":{"loc":{"start":{"line":76,"column":16},"end":{"line":76,"column":54}},"type":"cond-expr","locations":[{"start":{"line":76,"column":25},"end":{"line":76,"column":37}},{"start":{"line":76,"column":40},"end":{"line":76,"column":54}}],"line":76},"1":{"loc":{"start":{"line":82,"column":7},"end":{"line":86,"column":7}},"type":"binary-expr","locations":[{"start":{"line":82,"column":7},"end":{"line":82,"column":13}},{"start":{"line":83,"column":8},"end":{"line":85,"column":15}}],"line":82},"2":{"loc":{"start":{"line":104,"column":16},"end":{"line":104,"column":41}},"type":"binary-expr","locations":[{"start":{"line":104,"column":16},"end":{"line":104,"column":27}},{"start":{"line":104,"column":31},"end"
[...]
end":{"line":85,"column":25}},"31":{"start":{"line":90,"column":4},"end":{"line":148,"column":9}},"32":{"start":{"line":92,"column":8},"end":{"line":92,"column":31}},"33":{"start":{"line":93,"column":8},"end":{"line":93,"column":27}},"34":{"start":{"line":96,"column":8},"end":{"line":96,"column":32}},"35":{"start":{"line":97,"column":8},"end":{"line":97,"column":41}},"36":{"start":{"line":98,"column":8},"end":{"line":98,"column":37}},"37":{"start":{"line":101,"column":8},"end":{"line":101,"column":32}},"38":{"start":{"line":102,"column":8},"end":{"line":102,"column":37}},"39":{"start":{"line":107,"column":8},"end":{"line":107,"column":31}},"40":{"start":{"line":108,"column":8},"end":{"line":108,"column":27}},"41":{"start":{"line":111,"column":8},"end":{"line":111,"column":32}},"42":{"start":{"line":112,"column":8},"end":{"line":112,"column":41}},"43":{"start":{"line":113,"column":8},"end":{"line":113,"column":37}},"44":{"start":{"line":114,"column":8},"end":{"line":114,"column":27}},"45":{"start":{"line":117,"column":8},"end":{"line":117,"column":32}},"46":{"start":{"line":118,"column":8},"end":{"line":118,"column":37}},"47":{"start":{"line":119,"column":8},"end":{"line":119,"column":38}},"48":{"start":{"line":124,"column":8},"end":{"line":124,"column":31}},"49":{"start":{"line":127,"column":8},"end":{"line":127,"column":32}},"50":{"start":{"line":128,"column":8},"end":{"line":128,"column":26}},"51":{"start":{"line":129,"column":8},"end":{"line":129,"column":38}},"52":{"start":{"line":132,"column":8},"end":{"line":132,"column":32}},"53":{"start":{"line":133,"column":8},"end":{"line":133,"column":37}},"54":{"start":{"line":138,"column":8},"end":{"line":138,"column":31}},"55":{"start":{"line":141,"column":8},"end":{"line":141,"column":32}},"56":{"start":{"line":142,"column":8},"end":{"line":142,"column":36}},"57":{"start":{"line":143,"column":8},"end":{"line":143,"column":49}},"58":{"start":{"line":146,"column":8},"end":{"line":146,"column":32}},"59":{"start":{"line":147,"column":8},"end":{"line":147,"column":37}},"60":{"start":{"line":152,"column":30},"end":{"line":152,"column":47}}},"fnMap":{"0":{"name":"(anonymous_0)","decl":{"start":{"line":7,"column":2},"end":{"line":7,"column":3}},"loc":{"start":{"line":7,"column":54},"end":{"line":19,"column":3}},"line":7},"1":{"name":"(anonymous_1)","decl":{"start":{"line":25,"column":2},"end":{"line":25,"column":3}},"loc":{"start":{"line":25,"column":54},"end":{"line":37,"column":3}},"line":25},"2":{"name":"(anonymous_2)","decl":{"start":{"line":43,"column":2},"end":{"line":43,"column":3}},"loc":{"start":{"line":43,"column":36},"end":{"line":51,"column":3}},"line":43},"3":{"name":"(anonymous_3)","decl":{"start":{"line":57,"column":2},"end":{"line":57,"column":3}},"loc":{"start":{"line":57,"column":36},"end":{"line":68,"column":3}},"line":57},"4":{"name":"(anonymous_4)","decl":{"start":{"line":84,"column":16},"end":{"line":84,"column":17}},"loc":{"start":{"line":84,"column":27},"end":{"line":86,"column":5}},"line":84},"5":{"name":"(anonymous_5)","decl":{"start":{"line":88,"column":17},"end":{"line":88,"column":18}},"loc":{"start":{"line":88,"column":30},"end":{"line":149,"column":3}},"line":88},"6":{"name":"(anonymous_6)","decl":{"start":{"line":91,"column":34},"end":{"line":91,"column":35}},"loc":{"start":{"line":91,"column":45},"end":{"line":94,"column":7}},"line":91},"7":{"name":"(anonymous_7)","decl":{"start":{"line":95,"column":36},"end":{"line":95,"column":37}},"loc":{"start":{"line":95,"column":55},"end":{"line":99,"column":7}},"line":95},"8":{"name":"(anonymous_8)","decl":{"start":{"line":100,"column":35},"end":{"line":100,"column":36}},"loc":{"start":{"line":100,"column":54},"end":{"line":103,"column":7}},"line":100},"9":{"name":"(anonymous_9)","decl":{"start":{"line":106,"column":35},"end":{"line":106,"column":36}},"loc":{"start":{"line":106,"column":46},"end":{"line":109,"column":7}},"line":106},"10":{"name":"(anonymous_10)","decl":{"start":{"line":110,"column":37},"end":{"line":110,"column":38}},"loc":{"start":{"line":110,"column":56},"end":{"line":115,"column":7}},"line":110},"11":{"name":"(anonymous_11)","decl":{"start":{"line":116,"column":36},"end":{"line":116,"column":37}},"loc":{"start":{"line":116,"column":55},"end":{"line":120,"column":7}},"line":116},"12":{"name":"(anonymous_12)","decl":{"start":{"line":123,"column":35},"end":{"line":123,"column":36}},"loc":{"start":{"line":123,"column":46},"end":{"line":125,"column":7}},"line":123},"13":{"name":"(anonymous_13)","decl":{"start":{"line":126,"column":37},"end":{"line":126,"column":38}},"loc":{"start":{"line":126,"column":48},"end":{"line":130,"column":7}},"line":126},"14":{"name":"(anonymous_14)","decl":{"start":{"line":131,"column":36},"end":{"line":131,"column":37}},"loc":{"start":{"line":131,"column":55},"end":{"line":134,"column":7}},"line":131},"15":{"name":"(anonymous_15)","decl":{"start":{"line":137,"column":34},"end":{"line":137,"column":35}},"loc":{"start":{"line":137,"column":45},"end":{"line":139,"column":7}},"line":137},"16":{"name":"(anonymous_16)","decl":{"start":{"line":140,"column":36},"end":{"line":140,"column":37}},"loc":{"start":{"line":140,"column":55},"end":{"line":144,"column":7}},"line":140},"17":{"name":"(anonymous_17)","decl":{"start":{"line":145,"column":35},"end":{"line":145,"column":36}},"loc":{"start":{"line":145,"column":54},"end":{"line":148,"column":7}},"line":145}},"branchMap":{"0":{"loc":{"start":{"line":14,"column":6},"end":{"line":14,"column":29}},"type":"if","locations":[{"start":{"line":14,"column":6},"end":{"line":14,"column":29}},{"start":{},"end":{}}],"line":14},"1":{"loc":{"start":{"line":32,"column":6},"end":{"line":32,"column":29}},"type":"if","locations":[{"start":{"line":32,"column":6},"end":{"line":32,"column":29}},{"start":{},"end":{}}],"line":32},"2":{"loc":{"start":{"line":46,"column":6},"end":{"line":46,"column":29}},"type":"if","locations":[{"start":{"line":46,"column":6},"end":{"line":46,"column":29}},{"start":{},"end":{}}],"line":46},"3":{"loc":{"start":{"line":63,"column":6},"end":{"line":63,"column":29}},"type":"if","locations":[{"start":{"line":63,"column":6},"end":{"line":63,"column":29}},{"start":{},"end":{}}],"line":63},"4":{"loc":{"start":{"line":64,"column":13},"end":{"line":64,"column":34}},"type":"binary-expr","locations":[{"start":{"line":64,"column":13},"end":{"line":64,"column":26}},{"start":{"line":64,"column":30},"end":{"line":64,"column":34}}],"line":64}},"s":{"0":1,"1":2,"2":2,"3":2,"4":1,"5":1,"6":1,"7":1,"8":1,"9":1,"10":1,"11":0,"12":1,"13":0,"14":1,"15":1,"16":1,"17":1,"18":0,"19":1,"20":0,"21":1,"22":0,"23":0,"24":0,"25":0,"26":0,"27":0,"28":1,"29":1,"30":1,"31":1,"32":0,"33":0,"34":0,"35":0,"36":0,"37":0,"38":0,"39":0,"40":0,"41":0,"42":0,"43":0,"44":0,"45":0,"46":0,"47":0,"48":0,"49":0,"50":0,"51":0,"52":0,"53":0,"54":0,"55":0,"56":0,"57":0,"58":0,"59":0,"60":1},"f":{"0":2,"1":1,"2":1,"3":0,"4":1,"5":1,"6":0,"7":0,"8":0,"9":0,"10":0,"11":0,"12":0,"13":0,"14":0,"15":0,"16":0,"17":0},"b":{"0":[1,1],"1":[0,1],"2":[0,1],"3":[0,0],"4":[0,0]},"_coverageSchema":"1a1c01bbd47fc00a2c39e90264f33305004495a9","hash":"109120a6050b48529e0ec0e597f878e85d18f3c5"}
,"C:\\Users\\TR\\Desktop\\KesfetTurkiye\\store\\favoritesSlice.js": {"path":"C:\\Users\\TR\\Desktop\\KesfetTurkiye\\store\\favoritesSlice.js","statementMap":{"0":{"start":{"line":5,"column":34},"end":{"line":20,"column":1}},"1":{"start":{"line":8,"column":4},"end":{"line":18,"column":5}},"2":{"start":{"line":9,"column":30},"end":{"line":12,"column":30}},"3":{"start":{"line":14,"column":6},"end":{"line":14,"column":29}},"4":{"start":{"line":14,"column":17},"end":{"line":14,"column":29}},"5":{"start":{"line":15,"column":6},"end":{"line":15,"column":18}},"6":{"start":{"line":17,"column":6},"end":{"line":17,"column":44}},"7":{"start":{"line":23,"column":27},"end":{"line":56,"column":1}},"8":{"start":{"line":26,"column":4},"end":{"line":54,"column":5}},"9":{"start":{"line":27,"column":6},"end":{"line":31,"column":9}},"10":{"start":{"line":33,"column":30},"end":{"line":42,"column":17}},"11":{"start":{"line":44,"column":6},"end":{"line":47,"column":7}},"12":{"start":{"line":45,"column":8},"end":{"line":45,"column":48}},"13":{"start":{"line":46,"column":8},"end":{"line":46,"column":46}},"14":{"start":{"line":49,"column":6},"end":{"line":49,"column":59}},"15":{"start":{"line":50,"column":6},"end":{"line":50,"column":21}},"16":{"start":{"line":52,"column":6},"end":{"line":52,"column":53}},"17":{"start":{"line":53,"column":6},"end":{"line":53,"column":44}},"18":{"start":{"line":59,"column":30},"end":{"line":82,"column":1}},"19":{"start":{"line":62,"column":4},"end":{"line":80,"column":5}},"20":{"start":{"line":63,"column":6},"end":{"line":63,"column":75}},"21":{"start":{"line":65,"column":24},"end":{"line":68,"column":54}},"22":{"start":{"line":70,"column":6},"end":{"line":73,"column":7}},"23":{"start":{"line":71,"column":8},"end":{"line":71,"column":48}},"24":{"start":{"line":72,"column":8},"end":{"line":72,"column":46}},"25":{"start":{"line":75,"column":6},"end":{"line":75,"column":74}},"26":{"start":{"line":76,"column":6},"end":{"line":76,"column":25}},"27":{"start":{"line":78,"column":6},"end":{"line":78,"column":55}},"28":{"start":{"line":79,"column":6},"end":{"line":79,"column":44}},"29":{"start":{"line":84,"column":21},"end":{"line":88,"column":1}},"30":{"start":{"line":90,"column":23},"end":{"line":140,"column":2}},"31":{"start":{"line":95,"column":6},"end":{"line":95,"column":27}},"32":{"start":{"line":96,"column":6},"end":{"line":96,"column":25}},"33":{"start":{"line":100,"column":4},"end":{"line":138,"column":9}},"34":{"start":{"line":103,"column":8},"end":{"line":103,"column":31}},"35":{"start":{"line":106,"column":8},"end":{"line":106,"column":32}},"36":{"start":{"line":107,"column":8},"end":{"line":107,"column":41}},"37":{"start":{"line":110,"column":8},"end":{"line":110,"column":32}},"38":{"start":{"line":111,"column":8},"end":{"line":111,"column":37}},"39":{"start":{"line":115,"column":8},"end":{"line":115,"column":31}},"40":{"start":{"line":118,"column":8},"end":{"line":118,"column":32}},"41":{"start":{"line":119,"column":8},"end":{"line":119,"column":45}},"42":{"start":{"line":122,"column":8},"end":{"line":122,"column":32}},"43":{"start":{"line":123,"column":8},"end":{"line":123,"column":37}},"44":{"start":{"line":127,"column":8},"end":{"line":127,"column":31}},"45":{"start":{"line":130,"column":8},"end":{"line":130,"column":32}},"46":{"start":{"line":131,"column":8},"end":{"line":133,"column":10}},"47":{"start":{"line":132,"column":19},"end":{"line":132,"column":58}},"48":{"start":{"line":136,"column":8},"end":{"line":136,"column":32}},"49":{"start":{"line":137,"column":8},"end":{"line":137,"column":37}},"50":{"start":{"line":142,"column":34},"end":{"line":142,"column":56}}},"fnMap":{"0":{"name":"(anonymous_0)","decl":{"start":{"line":7,"column":2},"end":{"line":7,"column":3}},"loc":{"start":{"line":7,"column":41},"end":{"line":19,"column":3}},"line":7},"1":{"name":"(anonymous_1)","decl":{"start":{"line":25,"column":2},"end":{"line":25,"column":3}},"loc":{"start":{"line":25,"column":65},"end":{"line":55,"column":3}},"line":25},"2":{"name":"(anonymous_2)","decl":{"start":{"line":61,"column":2},"end":{"line":61,"column":3}},"loc":{"start":{"line":61,"column":54},"end":{"line":81,"column":3}},"line":61},"3":{"name":"(anonymous_3)","decl":{"start":{"line":94,"column":20},"end":{"line":94,"column":21}},"loc":{"start":{"line":94,"column":31},"end":{"line":97,"column":5}},"line":94},"4":{"name":"(anonymous_4)","decl":{"start":{"line":99,"column":17},"end":{"line":99,"column":18}},"loc":{"start":{"line":99,"column":30},"end":{"line":139,"column":3}},"line":99},"5":{"name":"(anonymous_5)","decl":{"start":{"line":102,"column":43},"end":{"line":102,"column":44}},"loc":{"start":{"line":102,"column":54},"end":{"line":104,"column":7}},"line":102},"6":{"name":"(anonymous_6)","decl":{"start":{"line":105,"column":45},"end":{"line":105,"column":46}},"loc":{"start":{"line":105,"column":64},"end":{"line":108,"column":7}},"line":105},"7":{"name":"(anonymous_7)","decl":{"start":{"line":109,"column":44},"end":{"line":109,"column":45}},"loc":{"start":{"line":109,"column":63},"end":{"line":112,"column":7}},"line":109},"8":{"name":"(anonymous_8)","decl":{"start":{"line":114,"column":36},"end":{"line":114,"column":37}},"loc":{"start":{"line":114,"column":47},"end":{"line":116,"column":7}},"line":114},"9":{"name":"(anonymous_9)","decl":{"start":{"line":117,"column":38},"end":{"line":117,"column":39}},"loc":{"start":{"line":117,"column":57},"end":{"line":120,"column":7}},"line":117},"10":{"name":"(anonymous_10)","decl":{"start":{"line":121,"column":37},"end":{"line":121,"column":38}},"loc":{"start":{"line":121,"column":56},"end":{"line":124,"column":7}},"line":121},"11":{"name":"(anonymous_11)","decl":{"start":{"line":126,"column":39},"end":{"line":126,"column":40}},"loc":{"start":{"line":126,"column":50},"end":{"line":128,"column":7}},"line":126},"12":{"name":"(anonymous_12)","decl":{"start":{"line":129,"column":41},"end":{"line":129,"column":42}},"loc":{"start":{"line":129,"column":60},"end":{"line":134,"column":7}},"line":129},"13":{"name":"(anonymous_13)","decl":{"start":{"line":132,"column":10},"end":{"line":132,"column":11}},"loc":{"start":{"line":132,"column":19},"end":{"line":132,"column":58}},"line":132},"14":{"name":"(anonymous_14)","decl":{"start":{"line":135,"column":40},"end":{"line":135,"column":41}},"loc":{"start":{"line":135,"column":59},"end":{"line":138,"column":7}},"line":135}},"branchMap":{"0":{"loc":{"start":{"line":14,"column":6},"end":{"line":14,"column":29}},"type":"if","locations":[{"start":{"line":14,"column":6},"end":{"line":14,"column":29}},{"start":{},"end":{}}],"line":14},"1":{"loc":{"start":{"line":44,"column":6},"end":{"line":47,"column":7}},"type":"if","locations":[{"start":{"line":44,"column":6},"end":{"line":47,"column":7}},{"start":{},"end":{}}],"line":44},"2":{"loc":{"start":{"line":70,"column":6},"end":{"line":73,"column":7}},"type":"if","locations":[{"start":{"line":70,"column":6},"end":{"line":73,"column":7}},{"start":{},"end":{}}],"line":70}},"s":{"0":2,"1":2,"2":2,"3":2,"4":1,"5":1,"6":1,"7":2,"8":1,"9":1,"10":1,"11":1,"12":0,"13":0,"14":1,"15":1,"16":0,"17":0,"18":2,"19":1,"20":1,"21":1,"22":1,"23":0,"24":0,"25":1,"26":1,"27":0,"28":0,"29":2,"30":2,"31":1,"32":1,"33":1,"34":0,"35":0,"36":0,"37":0,"38":0,"39":0,"40":0,"41":0,"42":0,"43":0,"44":0,"45":0,"46":0,"47":0,"48":0,"49":0,"50":2},"f":{"0":2,"1":1,"2":1,"3":1,"4":1,"5":0,"6":0,"7":0,"8":0,"9":0,"10":0,"11":0,"12":0,"13":0,"14":0},"b":{"0":[1,1],"1":[0,1],"2":[0,1]},"_coverageSchema":"1a1c01bbd47fc00a2c39e90264f33305004495a9","hash":"632c9a40a4aacf01dc3ef108fd0fd78c189b1dfc"}
,"C:\\Users\\TR\\Desktop\\KesfetTurkiye\\store\\index.js": {"path":"C:\\Users\\TR\\Desktop\\KesfetTurkiye\\store\\index.js","statementMap":{"0":{"start":{"line":6,"column":21},"end":{"line":12,"column":2}}},"fnMap":{},"branchMap":{},"s":{"0":0},"f":{},"b":{}}
,"C:\\Users\\TR\\Desktop\\KesfetTurkiye\\store\\userSlice.js": {"path":"C:\\Users\\TR\\Desktop\\KesfetTurkiye\\store\\userSlice.js","statementMap":{"0":{"start":{"line":5,"column":33},"end":{"line":20,"column":1}},"1":{"start":{"line":8,"column":4},"end":{"line":18,"column":5}},"2":{"start":{"line":9,"column":30},"end":{"line":11,"column":8}},"3":{"start":{"line":13,"column":6},"end":{"line":13,"column":29}},"4":{"start":{"line":13,"column":17},"end":{"line":13,"column":29}},"5":{"start":{"line":14,"column":6},"end":{"line":14,"column":23}},"6":{"start":{"line":16,"column":6},"end":{"line":16,"column":52}},"7":{"start":{"line":17,"column":6},"end":{"line":17,"column":44}},"8":{"start":{"line":22,"column":32},"end":{"line":39,"column":1}},"9":{"start":{"line":25,"column":4},"end":{"line":37,"column":5}},"10":{"start":{"line":26,"column":39},"end":{"line":30,"column":17}},"11":{"start":{"line":32,"column":6},"end":{"line":32,"column":29}},"12":{"start":{"line":32,"column":17},"end":{"line":32,"column":29}},"13":{"start":{"line":33,"column":6},"end":{"line":33,"column":21}},"14":{"start":{"line":35,"column":6},"end":{"line":35,"column":51}},"15":{"start":{"line":36,"column":6},"end":{"line":36,"column":44}},"16":{"start":{"line":41,"column":21},"end":{"line":45,"column":1}},"17":{"start":{"line":47,"column":18},"end":{"line":85,"column":2}},"18":{"start":{"line":52,"column":6},"end":{"line":52,"column":27}},"19":{"start":{"line":53,"column":6},"end":{"line":53,"column":25}},"20":{"start":{"line":57,"column":4},"end":{"line":83,"column":9}},"21":{"start":{"line":60,"column":8},"end":{"line":60,"column":31}},"22":{"start":{"line":61,"column":8},"end":{"line":61,"column":27}},"23":{"start":{"line":64,"column":8},"end":{"line":64,"column":32}},"24":{"start":{"line":65,"column":8},"end":{"line":65,"column":39}},"25":{"start":{"line":68,"column":8},"end":{"line":68,"column":32}},"26":{"start":{"line":69,"column":8},"end":{"line":69,"column":37}},"27":{"start":{"line":73,"column":8},"end":{"line":73,"column":31}},"28":{"start":{"line":74,"column":8},"end":{"line":74,"column":27}},"29":{"start":{"line":77,"column":8},"end":{"line":77,"column":32}},"30":{"start":{"line":78,"column":8},"end":{"line":78,"column":39}},"31":{"start":{"line":81,"column":8},"end":{"line":81,"column":32}},"32":{"start":{"line":82,"column":8},"end":{"line":82,"column":37}},"33":{"start":{"line":87,"column":36},"end":{"line":87,"column":53}}},"fnMap":{"0":{"name":"(anonymous_0)","decl":{"start":{"line":7,"column":2},"end":{"line":7,"column":3}},"loc":{"start":{"line":7,"column":43},"end":{"line":19,"column":3}},"line":7},"1":{"name":"(anonymous_1)","decl":{"start":{"line":24,"column":2},"end":{"line":24,"column":3}},"loc":{"start":{"line":24,"column":41},"end":{"line":38,"column":3}},"line":24},"2":{"name":"(anonymous_2)","decl":{"start":{"line":51,"column":22},"end":{"line":51,"column":23}},"loc":{"start":{"line":51,"column":33},"end":{"line":54,"column":5}},"line":51},"3":{"name":"(anonymous_3)","decl":{"start":{"line":56,"column":17},"end":{"line":56,"column":18}},"loc":{"start":{"line":56,"column":30},"end":{"line":84,"column":3}},"line":56},"4":{"name":"(anonymous_4)","decl":{"start":{"line":59,"column":42},"end":{"line":59,"column":43}},"loc":{"start":{"line":59,"column":53},"end":{"line":62,"column":7}},"line":59},"5":{"name":"(anonymous_5)","decl":{"start":{"line":63,"column":44},"end":{"line":63,"column":45}},"loc":{"start":{"line":63,"column":63},"end":{"line":66,"column":7}},"line":63},"6":{"name":"(anonymous_6)","decl":{"start":{"line":67,"column":43},"end":{"line":67,"column":44}},"loc":{"start":{"line":67,"column":62},"end":{"line":70,"column":7}},"line":67},"7":{"name":"(anonymous_7)","decl":{"start":{"line":72,"column":41},"end":{"line":72,"column":42}},"loc":{"start":{"line":72,"column":52},"end":{"line":75,"column":7}},"line":72},"8":{"name":"(anonymous_8)","decl":{"start":{"line":76,"column":43},"end":{"line":76,"column":44}},"loc":{"start":{"line":76,"column":62},"end":{"line":79,"column":7}},"line":76},"9":{"name":"(anonymous_9)","decl":{"start":{"line":80,"column":42},"end":{"line":80,"column":43}},"loc":{"start":{"line":80,"column":61},"end":{"line":83,"column":7}},"line":80}},"branchMap":{"0":{"loc":{"start":{"line":13,"column":6},"end":{"line":13,"column":29}},"type":"if","locations":[{"start":{"line":13,"column":6},"end":{"line":13,"column":29}},{"start":{},"end":{}}],"line":13},"1":{"loc":{"start":{"line":32,"column":6},"end":{"line":32,"column":29}},"type":"if","locations":[{"start":{"line":32,"column":6},"end":{"line":32,"column":29}},{"start":{},"end":{}}],"line":32}},"s":{"0":0,"1":0,"2":0,"3":0,"4":0,"5":0,"6":0,"7":0,"8":0,"9":0,"10":0,"11":0,"12":0,"13":0,"14":0,"15":0,"16":0,"17":0,"18":0,"19":0,"20":0,"21":0,"22":0,"23":0,"24":0,"25":0,"26":0,"27":0,"28":0,"29":0,"30":0,"31":0,"32":0,"33":0},"f":{"0":0,"1":0,"2":0,"3":0,"4":0,"5":0,"6":0,"7":0,"8":0,"9":0},"b":{"0":[0,0],"1":[0,0]}}
}
