TN:
SF:App.js
FN:10,App
FN:11,(anonymous_1)
FNF:2
FNH:0
FNDA:0,App
FNDA:0,(anonymous_1)
DA:11,0
DA:12,0
DA:15,0
DA:26,0
LF:4
LH:0
BRF:0
BRH:0
end_of_record
TN:
SF:index.js
FNF:0
FNH:0
DA:8,0
LF:1
LH:0
BRF:0
BRH:0
end_of_record
TN:
SF:jest.config.js
FNF:0
FNH:0
DA:1,0
LF:1
LH:0
BRF:0
BRH:0
end_of_record
TN:
SF:translations.js
FN:30,(anonymous_0)
FN:35,(anonymous_1)
FN:40,(anonymous_2)
FNF:3
FNH:0
FNDA:0,(anonymous_0)
FNDA:0,(anonymous_1)
FNDA:0,(anonymous_2)
DA:4,0
DA:30,0
DA:31,0
DA:32,0
DA:35,0
DA:36,0
DA:37,0
DA:38,0
DA:40,0
DA:41,0
DA:44,0
LF:11
LH:0
BRDA:32,0,0,0
BRDA:32,0,1,0
BRDA:44,1,0,0
BRDA:44,1,1,0
BRF:4
BRH:0
end_of_record
TN:
SF:components\CulturalPlacesTabs.js
FN:9,(anonymous_0)
FN:28,(anonymous_1)
FN:30,(anonymous_2)
FN:39,(anonymous_3)
FN:41,(anonymous_4)
FN:50,(anonymous_5)
FN:52,(anonymous_6)
FNF:7
FNH:0
FNDA:0,(anonymous_0)
FNDA:0,(anonymous_1)
FNDA:0,(anonymous_2)
FNDA:0,(anonymous_3)
FNDA:0,(anonymous_4)
FNDA:0,(anonymous_5)
FNDA:0,(anonymous_6)
DA:6,0
DA:7,0
DA:9,0
DA:10,0
DA:28,0
DA:31,0
DA:39,0
DA:42,0
DA:50,0
DA:53,0
DA:63,0
LF:11
LH:0
BRDA:70,0,0,0
BRDA:70,0,1,0
BRF:2
BRH:0
end_of_record
TN:
SF:components\PlaceCard.js
FN:16,(anonymous_0)
FN:19,(anonymous_1)
FN:20,(anonymous_2)
FN:24,(anonymous_3)
FN:27,(anonymous_4)
FN:33,(anonymous_5)
FN:39,(anonymous_6)
FN:74,(anonymous_7)
FN:87,(anonymous_8)
FN:96,(anonymous_9)
FNF:10
FNH:3
FNDA:8,(anonymous_0)
FNDA:8,(anonymous_1)
FNDA:8,(anonymous_2)
FNDA:0,(anonymous_3)
FNDA:0,(anonymous_4)
FNDA:0,(anonymous_5)
FNDA:0,(anonymous_6)
FNDA:0,(anonymous_7)
FNDA:0,(anonymous_8)
FNDA:0,(anonymous_9)
DA:16,1
DA:17,8
DA:18,8
DA:19,8
DA:20,8
DA:21,8
DA:22,8
DA:24,8
DA:25,0
DA:26,0
DA:27,0
DA:29,0
DA:33,8
DA:34,0
DA:35,0
DA:36,0
DA:39,0
DA:41,0
DA:42,0
DA:44,0
DA:54,8
DA:74,0
DA:88,0
DA:89,0
DA:97,0
DA:98,0
DA:109,1
LF:27
LH:11
BRDA:25,0,0,0
BRDA:25,0,1,0
BRDA:25,1,0,0
BRDA:25,1,1,0
BRDA:34,2,0,0
BRDA:34,2,1,0
BRDA:41,3,0,0
BRDA:41,3,1,0
BRDA:59,4,0,0
BRDA:59,4,1,8
BRDA:62,5,0,0
BRDA:62,5,1,8
BRF:12
BRH:2
end_of_record
TN:
SF:components\SelectBox.js
FN:13,SelectBox
FN:23,(anonymous_1)
FN:31,(anonymous_2)
FN:48,(anonymous_3)
FN:52,(anonymous_4)
FN:57,(anonymous_5)
FN:64,(anonymous_6)
FN:65,(anonymous_7)
FN:68,(anonymous_8)
FNF:9
FNH:0
FNDA:0,SelectBox
FNDA:0,(anonymous_1)
FNDA:0,(anonymous_2)
FNDA:0,(anonymous_3)
FNDA:0,(anonymous_4)
FNDA:0,(anonymous_5)
FNDA:0,(anonymous_6)
FNDA:0,(anonymous_7)
FNDA:0,(anonymous_8)
DA:21,0
DA:23,0
DA:25,0
DA:31,0
DA:48,0
DA:52,0
DA:57,0
DA:64,0
DA:66,0
DA:69,0
DA:70,0
DA:92,0
LF:12
LH:0
BRDA:18,0,0,0
BRDA:27,1,0,0
BRDA:27,1,1,0
BRDA:30,2,0,0
BRDA:30,2,1,0
BRDA:35,3,0,0
BRDA:35,3,1,0
BRDA:37,4,0,0
BRDA:37,4,1,0
BRDA:42,5,0,0
BRDA:42,5,1,0
BRDA:75,6,0,0
BRDA:75,6,1,0
BRDA:79,7,0,0
BRDA:79,7,1,0
BRF:15
BRH:0
end_of_record
TN:
SF:config\supabase.js
FN:21,(anonymous_0)
FN:35,(anonymous_1)
FN:46,(anonymous_2)
FN:58,(anonymous_3)
FNF:4
FNH:0
FNDA:0,(anonymous_0)
FNDA:0,(anonymous_1)
FNDA:0,(anonymous_2)
FNDA:0,(anonymous_3)
DA:5,1
DA:7,1
DA:9,1
DA:19,1
DA:22,0
DA:30,0
DA:31,0
DA:36,0
DA:41,0
DA:42,0
DA:47,0
DA:53,0
DA:54,0
DA:59,0
DA:65,0
DA:66,0
LF:16
LH:4
BRDA:30,0,0,0
BRDA:30,0,1,0
BRDA:41,1,0,0
BRDA:41,1,1,0
BRDA:53,2,0,0
BRDA:53,2,1,0
BRDA:65,3,0,0
BRDA:65,3,1,0
BRDA:65,4,0,0
BRDA:65,4,1,0
BRF:10
BRH:0
end_of_record
TN:
SF:data\dummyData.js
FNF:0
FNH:0
DA:1,0
DA:3,0
DA:89,0
LF:3
LH:0
BRF:0
BRH:0
end_of_record
TN:
SF:hooks\useTabAnimation.js
FN:4,(anonymous_0)
FN:8,(anonymous_1)
FN:18,(anonymous_2)
FNF:3
FNH:0
FNDA:0,(anonymous_0)
FNDA:0,(anonymous_1)
FNDA:0,(anonymous_2)
DA:4,0
DA:5,0
DA:6,0
DA:8,0
DA:9,0
DA:10,0
DA:18,0
DA:19,0
DA:22,0
DA:25,0
LF:10
LH:0
BRF:0
BRH:0
end_of_record
TN:
SF:navigation\AppNavigator.js
FN:16,(anonymous_0)
FN:17,(anonymous_1)
FNF:2
FNH:0
FNDA:0,(anonymous_0)
FNDA:0,(anonymous_1)
DA:14,0
DA:16,0
DA:17,0
DA:19,0
LF:4
LH:0
BRDA:31,0,0,0
BRDA:31,0,1,0
BRF:2
BRH:0
end_of_record
TN:
SF:navigation\BottomTabNavigator.js
FN:11,(anonymous_0)
FN:29,(anonymous_1)
FN:38,(anonymous_2)
FN:47,(anonymous_3)
FNF:4
FNH:0
FNDA:0,(anonymous_0)
FNDA:0,(anonymous_1)
FNDA:0,(anonymous_2)
FNDA:0,(anonymous_3)
DA:9,0
DA:11,0
DA:12,0
DA:30,0
DA:39,0
DA:48,0
LF:6
LH:0
BRDA:18,0,0,0
BRDA:18,0,1,0
BRF:2
BRH:0
end_of_record
TN:
SF:screens\AboutScreen.js
FN:73,(anonymous_0)
FN:76,(anonymous_1)
FN:77,(anonymous_2)
FN:80,(anonymous_3)
FN:84,(anonymous_4)
FN:100,(anonymous_5)
FN:157,(anonymous_6)
FNF:7
FNH:0
FNDA:0,(anonymous_0)
FNDA:0,(anonymous_1)
FNDA:0,(anonymous_2)
FNDA:0,(anonymous_3)
FNDA:0,(anonymous_4)
FNDA:0,(anonymous_5)
FNDA:0,(anonymous_6)
DA:17,0
DA:52,0
DA:73,0
DA:74,0
DA:76,0
DA:77,0
DA:80,0
DA:81,0
DA:84,0
DA:100,0
DA:101,0
DA:108,0
DA:157,0
DA:166,0
LF:14
LH:0
BRF:0
BRH:0
end_of_record
TN:
SF:screens\CountryAndCitySelect.js
FN:30,(anonymous_0)
FN:32,(anonymous_1)
FN:33,(anonymous_2)
FN:36,(anonymous_3)
FN:45,(anonymous_4)
FN:60,(anonymous_5)
FN:62,(anonymous_6)
FN:80,(anonymous_7)
FN:85,(anonymous_8)
FN:119,(anonymous_9)
FN:127,CountryAndCitySelect
FN:130,(anonymous_11)
FN:131,(anonymous_12)
FN:146,(anonymous_13)
FN:147,(anonymous_14)
FN:178,(anonymous_15)
FN:182,(anonymous_16)
FN:202,(anonymous_17)
FN:247,(anonymous_18)
FN:270,(anonymous_19)
FN:290,(anonymous_20)
FN:299,(anonymous_21)
FNF:22
FNH:0
FNDA:0,(anonymous_0)
FNDA:0,(anonymous_1)
FNDA:0,(anonymous_2)
FNDA:0,(anonymous_3)
FNDA:0,(anonymous_4)
FNDA:0,(anonymous_5)
FNDA:0,(anonymous_6)
FNDA:0,(anonymous_7)
FNDA:0,(anonymous_8)
FNDA:0,(anonymous_9)
FNDA:0,CountryAndCitySelect
FNDA:0,(anonymous_11)
FNDA:0,(anonymous_12)
FNDA:0,(anonymous_13)
FNDA:0,(anonymous_14)
FNDA:0,(anonymous_15)
FNDA:0,(anonymous_16)
FNDA:0,(anonymous_17)
FNDA:0,(anonymous_18)
FNDA:0,(anonymous_19)
FNDA:0,(anonymous_20)
FNDA:0,(anonymous_21)
DA:27,0
DA:28,0
DA:30,0
DA:31,0
DA:32,0
DA:33,0
DA:34,0
DA:36,0
DA:37,0
DA:38,0
DA:39,0
DA:42,0
DA:43,0
DA:45,0
DA:47,0
DA:48,0
DA:50,0
DA:60,0
DA:61,0
DA:63,0
DA:67,0
DA:77,0
DA:80,0
DA:85,0
DA:112,0
DA:119,0
DA:128,0
DA:129,0
DA:130,0
DA:131,0
DA:133,0
DA:134,0
DA:135,0
DA:136,0
DA:137,0
DA:138,0
DA:139,0
DA:146,0
DA:147,0
DA:148,0
DA:149,0
DA:150,0
DA:151,0
DA:152,0
DA:155,0
DA:156,0
DA:159,0
DA:160,0
DA:165,0
DA:166,0
DA:172,0
DA:173,0
DA:178,0
DA:179,0
DA:180,0
DA:182,0
DA:183,0
DA:188,0
DA:189,0
DA:190,0
DA:191,0
DA:193,0
DA:194,0
DA:201,0
DA:202,0
DA:205,0
DA:206,0
DA:207,0
DA:214,0
DA:248,0
DA:249,0
DA:270,0
DA:291,0
DA:292,0
DA:300,0
DA:301,0
DA:312,0
LF:77
LH:0
BRDA:37,0,0,0
BRDA:37,0,1,0
BRDA:42,1,0,0
BRDA:42,1,1,0
BRDA:47,2,0,0
BRDA:47,2,1,0
BRDA:64,3,0,0
BRDA:64,3,1,0
BRDA:67,4,0,0
BRDA:67,4,1,0
BRDA:88,5,0,0
BRDA:88,5,1,0
BRDA:91,6,0,0
BRDA:91,6,1,0
BRDA:104,7,0,0
BRDA:104,7,1,0
BRDA:119,8,0,0
BRDA:119,8,1,0
BRDA:150,9,0,0
BRDA:150,9,1,0
BRDA:165,10,0,0
BRDA:165,10,1,0
BRDA:165,11,0,0
BRDA:165,11,1,0
BRDA:167,12,0,0
BRDA:167,12,1,0
BRDA:167,12,2,0
BRDA:168,13,0,0
BRDA:168,13,1,0
BRDA:179,14,0,0
BRDA:179,14,1,0
BRDA:188,15,0,0
BRDA:188,15,1,0
BRDA:188,16,0,0
BRDA:188,16,1,0
BRDA:189,17,0,0
BRDA:189,17,1,0
BRDA:190,18,0,0
BRDA:190,18,1,0
BRDA:191,19,0,0
BRDA:191,19,1,0
BRDA:205,20,0,0
BRDA:205,20,1,0
BRDA:230,21,0,0
BRDA:230,21,1,0
BRDA:232,22,0,0
BRDA:232,22,1,0
BRDA:232,23,0,0
BRDA:232,23,1,0
BRDA:257,24,0,0
BRDA:257,24,1,0
BRDA:257,24,2,0
BRDA:324,25,0,0
BRDA:324,25,1,0
BRF:54
BRH:0
end_of_record
TN:
SF:screens\CulturalPlaces.js
FN:20,(anonymous_0)
FN:25,(anonymous_1)
FN:26,(anonymous_2)
FN:29,(anonymous_3)
FN:42,(anonymous_4)
FN:64,(anonymous_5)
FN:65,(anonymous_6)
FN:73,(anonymous_7)
FN:77,(anonymous_8)
FN:78,(anonymous_9)
FN:101,(anonymous_10)
FN:114,(anonymous_11)
FN:123,(anonymous_12)
FNF:13
FNH:0
FNDA:0,(anonymous_0)
FNDA:0,(anonymous_1)
FNDA:0,(anonymous_2)
FNDA:0,(anonymous_3)
FNDA:0,(anonymous_4)
FNDA:0,(anonymous_5)
FNDA:0,(anonymous_6)
FNDA:0,(anonymous_7)
FNDA:0,(anonymous_8)
FNDA:0,(anonymous_9)
FNDA:0,(anonymous_10)
FNDA:0,(anonymous_11)
FNDA:0,(anonymous_12)
DA:20,0
DA:21,0
DA:22,0
DA:23,0
DA:24,0
DA:25,0
DA:26,0
DA:27,0
DA:29,0
DA:30,0
DA:31,0
DA:32,0
DA:35,0
DA:36,0
DA:38,0
DA:39,0
DA:40,0
DA:42,0
DA:43,0
DA:45,0
DA:46,0
DA:47,0
DA:49,0
DA:54,0
DA:64,0
DA:65,0
DA:66,0
DA:74,0
DA:77,0
DA:78,0
DA:92,0
DA:101,0
DA:115,0
DA:116,0
DA:124,0
DA:125,0
DA:136,0
LF:37
LH:0
BRDA:22,0,0,0
BRDA:22,0,1,0
BRDA:30,1,0,0
BRDA:30,1,1,0
BRDA:35,2,0,0
BRDA:35,2,1,0
BRDA:45,3,0,0
BRDA:45,3,1,0
BRDA:72,4,0,0
BRDA:72,4,1,0
BRF:10
BRH:0
end_of_record
TN:
SF:screens\EditProfileScreen.js
FN:21,(anonymous_0)
FN:24,(anonymous_1)
FN:25,(anonymous_2)
FN:33,(anonymous_3)
FN:82,(anonymous_4)
FN:108,(anonymous_5)
FN:115,(anonymous_6)
FN:143,(anonymous_7)
FNF:8
FNH:0
FNDA:0,(anonymous_0)
FNDA:0,(anonymous_1)
FNDA:0,(anonymous_2)
FNDA:0,(anonymous_3)
FNDA:0,(anonymous_4)
FNDA:0,(anonymous_5)
FNDA:0,(anonymous_6)
FNDA:0,(anonymous_7)
DA:21,0
DA:22,0
DA:23,0
DA:24,0
DA:25,0
DA:27,0
DA:30,0
DA:31,0
DA:33,0
DA:34,0
DA:35,0
DA:42,0
DA:43,0
DA:44,0
DA:45,0
DA:46,0
DA:47,0
DA:50,0
DA:51,0
DA:54,0
DA:61,0
DA:67,0
DA:69,0
DA:71,0
DA:72,0
DA:75,0
DA:76,0
DA:78,0
DA:82,0
DA:83,0
DA:84,0
DA:90,0
DA:91,0
DA:92,0
DA:95,0
DA:96,0
DA:100,0
DA:108,0
DA:115,0
DA:143,0
DA:170,0
LF:41
LH:0
BRDA:28,0,0,0
BRDA:28,0,1,0
BRDA:30,1,0,0
BRDA:30,1,1,0
BRDA:42,2,0,0
BRDA:42,2,1,0
BRDA:61,3,0,0
BRDA:61,3,1,0
BRDA:69,4,0,0
BRDA:69,4,1,0
BRDA:82,5,0,0
BRDA:91,6,0,0
BRDA:91,6,1,0
BRDA:103,7,0,0
BRDA:103,7,1,0
BRDA:116,8,0,0
BRDA:116,8,1,0
BRDA:118,9,0,0
BRDA:118,9,1,0
BRDA:132,10,0,0
BRDA:132,10,1,0
BRDA:134,11,0,0
BRDA:134,11,1,0
BRDA:139,12,0,0
BRDA:139,12,1,0
BRF:25
BRH:0
end_of_record
TN:
SF:screens\FavoritesScreen.js
FN:31,(anonymous_0)
FN:47,(anonymous_1)
FN:49,(anonymous_2)
FN:51,(anonymous_3)
FN:59,(anonymous_4)
FN:65,(anonymous_5)
FN:66,(anonymous_6)
FN:70,(anonymous_7)
FN:72,(anonymous_8)
FN:79,(anonymous_9)
FN:80,(anonymous_10)
FN:84,(anonymous_11)
FN:86,(anonymous_12)
FN:93,(anonymous_13)
FN:98,(anonymous_14)
FN:104,(anonymous_15)
FN:113,(anonymous_16)
FN:129,(anonymous_17)
FN:141,(anonymous_18)
FN:147,(anonymous_19)
FN:158,(anonymous_20)
FN:163,(anonymous_21)
FN:171,(anonymous_22)
FN:181,(anonymous_23)
FN:186,(anonymous_24)
FN:198,(anonymous_25)
FN:200,(anonymous_26)
FN:205,(anonymous_27)
FN:214,(anonymous_28)
FN:254,(anonymous_29)
FN:255,(anonymous_30)
FN:258,(anonymous_31)
FNF:32
FNH:0
FNDA:0,(anonymous_0)
FNDA:0,(anonymous_1)
FNDA:0,(anonymous_2)
FNDA:0,(anonymous_3)
FNDA:0,(anonymous_4)
FNDA:0,(anonymous_5)
FNDA:0,(anonymous_6)
FNDA:0,(anonymous_7)
FNDA:0,(anonymous_8)
FNDA:0,(anonymous_9)
FNDA:0,(anonymous_10)
FNDA:0,(anonymous_11)
FNDA:0,(anonymous_12)
FNDA:0,(anonymous_13)
FNDA:0,(anonymous_14)
FNDA:0,(anonymous_15)
FNDA:0,(anonymous_16)
FNDA:0,(anonymous_17)
FNDA:0,(anonymous_18)
FNDA:0,(anonymous_19)
FNDA:0,(anonymous_20)
FNDA:0,(anonymous_21)
FNDA:0,(anonymous_22)
FNDA:0,(anonymous_23)
FNDA:0,(anonymous_24)
FNDA:0,(anonymous_25)
FNDA:0,(anonymous_26)
FNDA:0,(anonymous_27)
FNDA:0,(anonymous_28)
FNDA:0,(anonymous_29)
FNDA:0,(anonymous_30)
FNDA:0,(anonymous_31)
DA:21,0
DA:23,0
DA:31,0
DA:32,0
DA:47,0
DA:48,0
DA:49,0
DA:50,0
DA:51,0
DA:54,0
DA:55,0
DA:56,0
DA:57,0
DA:59,0
DA:60,0
DA:61,0
DA:65,0
DA:66,0
DA:67,0
DA:68,0
DA:70,0
DA:71,0
DA:72,0
DA:73,0
DA:75,0
DA:79,0
DA:80,0
DA:81,0
DA:82,0
DA:84,0
DA:85,0
DA:86,0
DA:87,0
DA:89,0
DA:93,0
DA:94,0
DA:95,0
DA:97,0
DA:98,0
DA:99,0
DA:103,0
DA:104,0
DA:105,0
DA:109,0
DA:113,0
DA:114,0
DA:130,0
DA:141,0
DA:142,0
DA:147,0
DA:158,0
DA:159,0
DA:163,0
DA:171,0
DA:182,0
DA:186,0
DA:198,0
DA:201,0
DA:205,0
DA:214,0
DA:223,0
DA:224,0
DA:231,0
DA:232,0
DA:240,0
DA:241,0
DA:250,0
DA:254,0
DA:256,0
DA:259,0
DA:274,0
LF:71
LH:0
BRDA:33,0,0,0
BRDA:33,0,1,0
BRDA:39,1,0,0
BRDA:39,1,1,0
BRDA:60,2,0,0
BRDA:60,2,1,0
BRDA:67,3,0,0
BRDA:67,3,1,0
BRDA:71,4,0,0
BRDA:71,4,1,0
BRDA:73,5,0,0
BRDA:73,5,1,0
BRDA:81,6,0,0
BRDA:81,6,1,0
BRDA:85,7,0,0
BRDA:85,7,1,0
BRDA:87,8,0,0
BRDA:87,8,1,0
BRDA:94,9,0,0
BRDA:94,9,1,0
BRDA:97,10,0,0
BRDA:97,10,1,0
BRDA:103,11,0,0
BRDA:103,11,1,0
BRDA:223,12,0,0
BRDA:223,12,1,0
BRDA:231,13,0,0
BRDA:231,13,1,0
BRDA:240,14,0,0
BRDA:240,14,1,0
BRDA:240,15,0,0
BRDA:240,15,1,0
BRDA:254,16,0,0
BRDA:254,16,1,0
BRDA:281,17,0,0
BRDA:281,17,1,0
BRDA:410,18,0,0
BRDA:410,18,1,0
BRF:38
BRH:0
end_of_record
TN:
SF:screens\HelpScreen.js
FN:45,(anonymous_0)
FN:52,(anonymous_1)
FN:60,(anonymous_2)
FN:64,(anonymous_3)
FN:71,(anonymous_4)
FN:91,(anonymous_5)
FN:94,(anonymous_6)
FN:131,(anonymous_7)
FNF:8
FNH:0
FNDA:0,(anonymous_0)
FNDA:0,(anonymous_1)
FNDA:0,(anonymous_2)
FNDA:0,(anonymous_3)
FNDA:0,(anonymous_4)
FNDA:0,(anonymous_5)
FNDA:0,(anonymous_6)
FNDA:0,(anonymous_7)
DA:16,0
DA:39,0
DA:45,0
DA:52,0
DA:60,0
DA:64,0
DA:65,0
DA:67,0
DA:71,0
DA:91,0
DA:92,0
DA:94,0
DA:95,0
DA:117,0
DA:132,0
DA:147,0
LF:16
LH:0
BRDA:76,0,0,0
BRDA:76,0,1,0
BRDA:82,1,0,0
BRDA:82,1,1,0
BRDA:104,2,0,0
BRDA:104,2,1,0
BRF:6
BRH:0
end_of_record
TN:
SF:screens\LoginScreen.js
FN:23,(anonymous_0)
FN:33,(anonymous_1)
FN:36,(anonymous_2)
FN:37,(anonymous_3)
FN:40,(anonymous_4)
FN:44,(anonymous_5)
FN:51,(anonymous_6)
FN:62,(anonymous_7)
FN:67,(anonymous_8)
FN:141,(anonymous_9)
FN:178,(anonymous_10)
FNF:11
FNH:0
FNDA:0,(anonymous_0)
FNDA:0,(anonymous_1)
FNDA:0,(anonymous_2)
FNDA:0,(anonymous_3)
FNDA:0,(anonymous_4)
FNDA:0,(anonymous_5)
FNDA:0,(anonymous_6)
FNDA:0,(anonymous_7)
FNDA:0,(anonymous_8)
FNDA:0,(anonymous_9)
FNDA:0,(anonymous_10)
DA:21,0
DA:23,0
DA:24,0
DA:25,0
DA:26,0
DA:27,0
DA:28,0
DA:29,0
DA:31,0
DA:32,0
DA:33,0
DA:36,0
DA:37,0
DA:38,0
DA:40,0
DA:41,0
DA:44,0
DA:45,0
DA:46,0
DA:47,0
DA:51,0
DA:52,0
DA:53,0
DA:62,0
DA:63,0
DA:64,0
DA:67,0
DA:68,0
DA:69,0
DA:71,0
DA:72,0
DA:74,0
DA:75,0
DA:79,0
DA:141,0
DA:178,0
DA:192,0
LF:37
LH:0
BRDA:52,0,0,0
BRDA:52,0,1,0
BRDA:74,1,0,0
BRDA:74,1,1,0
BRDA:74,2,0,0
BRDA:74,2,1,0
BRDA:81,3,0,0
BRDA:81,3,1,0
BRDA:83,4,0,0
BRDA:83,4,1,0
BRDA:94,5,0,0
BRDA:94,5,1,0
BRDA:115,6,0,0
BRDA:115,6,1,0
BRDA:123,7,0,0
BRDA:123,7,1,0
BRDA:136,8,0,0
BRDA:136,8,1,0
BRDA:144,9,0,0
BRDA:144,9,1,0
BRDA:155,10,0,0
BRDA:155,10,1,0
BRDA:162,11,0,0
BRDA:162,11,1,0
BRDA:169,12,0,0
BRDA:169,12,1,0
BRF:26
BRH:0
end_of_record
TN:
SF:screens\PlaceDetails.js
FN:21,(anonymous_0)
FN:28,(anonymous_1)
FN:29,(anonymous_2)
FN:32,(anonymous_3)
FN:35,(anonymous_4)
FN:41,(anonymous_5)
FN:55,(anonymous_6)
FN:86,(anonymous_7)
FN:97,(anonymous_8)
FN:103,(anonymous_9)
FN:112,(anonymous_10)
FN:200,(anonymous_11)
FN:238,(anonymous_12)
FN:258,(anonymous_13)
FN:267,(anonymous_14)
FNF:15
FNH:0
FNDA:0,(anonymous_0)
FNDA:0,(anonymous_1)
FNDA:0,(anonymous_2)
FNDA:0,(anonymous_3)
FNDA:0,(anonymous_4)
FNDA:0,(anonymous_5)
FNDA:0,(anonymous_6)
FNDA:0,(anonymous_7)
FNDA:0,(anonymous_8)
FNDA:0,(anonymous_9)
FNDA:0,(anonymous_10)
FNDA:0,(anonymous_11)
FNDA:0,(anonymous_12)
FNDA:0,(anonymous_13)
FNDA:0,(anonymous_14)
DA:19,0
DA:21,0
DA:22,0
DA:23,0
DA:24,0
DA:25,0
DA:27,0
DA:28,0
DA:29,0
DA:32,0
DA:33,0
DA:34,0
DA:35,0
DA:37,0
DA:41,0
DA:42,0
DA:43,0
DA:44,0
DA:48,0
DA:49,0
DA:51,0
DA:52,0
DA:53,0
DA:55,0
DA:56,0
DA:58,0
DA:59,0
DA:60,0
DA:62,0
DA:67,0
DA:77,0
DA:79,0
DA:86,0
DA:87,0
DA:88,0
DA:91,0
DA:98,0
DA:104,0
DA:107,0
DA:113,0
DA:201,0
DA:238,0
DA:259,0
DA:260,0
DA:268,0
DA:269,0
DA:280,0
LF:47
LH:0
BRDA:33,0,0,0
BRDA:33,0,1,0
BRDA:33,1,0,0
BRDA:33,1,1,0
BRDA:42,2,0,0
BRDA:42,2,1,0
BRDA:48,3,0,0
BRDA:48,3,1,0
BRDA:58,4,0,0
BRDA:58,4,1,0
BRDA:77,5,0,0
BRDA:77,5,1,0
BRDA:80,6,0,0
BRDA:80,6,1,0
BRDA:81,7,0,0
BRDA:81,7,1,0
BRDA:110,8,0,0
BRDA:110,8,1,0
BRDA:119,9,0,0
BRDA:119,9,1,0
BRDA:132,10,0,0
BRDA:132,10,1,0
BRDA:144,11,0,0
BRDA:144,11,1,0
BRDA:146,12,0,0
BRDA:146,12,1,0
BRDA:155,13,0,0
BRDA:155,13,1,0
BRDA:164,14,0,0
BRDA:164,14,1,0
BRDA:170,15,0,0
BRDA:170,15,1,0
BRDA:176,16,0,0
BRDA:176,16,1,0
BRDA:181,17,0,0
BRDA:181,17,1,0
BRDA:187,18,0,0
BRDA:187,18,1,0
BRDA:197,19,0,0
BRDA:197,19,1,0
BRDA:210,20,0,0
BRDA:210,20,1,0
BRF:42
BRH:0
end_of_record
TN:
SF:screens\ProfileScreen.js
FN:49,(anonymous_0)
FN:52,(anonymous_1)
FN:55,(anonymous_2)
FN:68,(anonymous_3)
FN:78,(anonymous_4)
FN:82,(anonymous_5)
FN:126,(anonymous_6)
FN:139,(anonymous_7)
FNF:8
FNH:0
FNDA:0,(anonymous_0)
FNDA:0,(anonymous_1)
FNDA:0,(anonymous_2)
FNDA:0,(anonymous_3)
FNDA:0,(anonymous_4)
FNDA:0,(anonymous_5)
FNDA:0,(anonymous_6)
FNDA:0,(anonymous_7)
DA:17,0
DA:49,0
DA:50,0
DA:51,0
DA:52,0
DA:53,0
DA:55,0
DA:56,0
DA:57,0
DA:68,0
DA:73,0
DA:74,0
DA:78,0
DA:79,0
DA:82,0
DA:111,0
DA:126,0
DA:139,0
DA:157,0
LF:19
LH:0
BRDA:56,0,0,0
BRDA:56,0,1,0
BRDA:73,1,0,0
BRDA:73,1,1,0
BRDA:89,2,0,0
BRDA:89,2,1,0
BRDA:96,3,0,0
BRDA:96,3,1,0
BRDA:100,4,0,0
BRDA:100,4,1,0
BRDA:105,5,0,0
BRDA:105,5,1,0
BRDA:122,6,0,0
BRDA:122,6,1,0
BRDA:133,7,0,0
BRDA:133,7,1,0
BRF:16
BRH:0
end_of_record
TN:
SF:screens\SignupScreen.js
FN:23,(anonymous_0)
FN:35,(anonymous_1)
FN:37,(anonymous_2)
FN:38,(anonymous_3)
FN:41,(anonymous_4)
FN:45,(anonymous_5)
FN:52,(anonymous_6)
FN:63,(anonymous_7)
FN:68,(anonymous_8)
FN:144,(anonymous_9)
FN:176,(anonymous_10)
FN:217,(anonymous_11)
FNF:12
FNH:0
FNDA:0,(anonymous_0)
FNDA:0,(anonymous_1)
FNDA:0,(anonymous_2)
FNDA:0,(anonymous_3)
FNDA:0,(anonymous_4)
FNDA:0,(anonymous_5)
FNDA:0,(anonymous_6)
FNDA:0,(anonymous_7)
FNDA:0,(anonymous_8)
FNDA:0,(anonymous_9)
FNDA:0,(anonymous_10)
FNDA:0,(anonymous_11)
DA:21,0
DA:23,0
DA:24,0
DA:25,0
DA:26,0
DA:27,0
DA:28,0
DA:29,0
DA:30,0
DA:31,0
DA:32,0
DA:34,0
DA:35,0
DA:37,0
DA:38,0
DA:39,0
DA:41,0
DA:42,0
DA:45,0
DA:46,0
DA:47,0
DA:48,0
DA:52,0
DA:53,0
DA:54,0
DA:63,0
DA:64,0
DA:65,0
DA:68,0
DA:69,0
DA:70,0
DA:71,0
DA:73,0
DA:74,0
DA:75,0
DA:77,0
DA:78,0
DA:82,0
DA:144,0
DA:177,0
DA:217,0
DA:231,0
LF:42
LH:0
BRDA:53,0,0,0
BRDA:53,0,1,0
BRDA:77,1,0,0
BRDA:77,1,1,0
BRDA:77,2,0,0
BRDA:77,2,1,0
BRDA:77,2,2,0
BRDA:84,3,0,0
BRDA:84,3,1,0
BRDA:86,4,0,0
BRDA:86,4,1,0
BRDA:97,5,0,0
BRDA:97,5,1,0
BRDA:118,6,0,0
BRDA:118,6,1,0
BRDA:126,7,0,0
BRDA:126,7,1,0
BRDA:139,8,0,0
BRDA:139,8,1,0
BRDA:147,9,0,0
BRDA:147,9,1,0
BRDA:158,10,0,0
BRDA:158,10,1,0
BRDA:171,11,0,0
BRDA:171,11,1,0
BRDA:182,12,0,0
BRDA:182,12,1,0
BRDA:194,13,0,0
BRDA:194,13,1,0
BRDA:201,14,0,0
BRDA:201,14,1,0
BRDA:208,15,0,0
BRDA:208,15,1,0
BRF:33
BRH:0
end_of_record
TN:
SF:store\authSlice.js
FN:7,(anonymous_0)
FN:25,(anonymous_1)
FN:43,(anonymous_2)
FN:57,(anonymous_3)
FN:84,(anonymous_4)
FN:88,(anonymous_5)
FN:91,(anonymous_6)
FN:95,(anonymous_7)
FN:100,(anonymous_8)
FN:106,(anonymous_9)
FN:110,(anonymous_10)
FN:116,(anonymous_11)
FN:123,(anonymous_12)
FN:126,(anonymous_13)
FN:131,(anonymous_14)
FN:137,(anonymous_15)
FN:140,(anonymous_16)
FN:145,(anonymous_17)
FNF:18
FNH:5
FNDA:2,(anonymous_0)
FNDA:1,(anonymous_1)
FNDA:1,(anonymous_2)
FNDA:0,(anonymous_3)
FNDA:1,(anonymous_4)
FNDA:1,(anonymous_5)
FNDA:0,(anonymous_6)
FNDA:0,(anonymous_7)
FNDA:0,(anonymous_8)
FNDA:0,(anonymous_9)
FNDA:0,(anonymous_10)
FNDA:0,(anonymous_11)
FNDA:0,(anonymous_12)
FNDA:0,(anonymous_13)
FNDA:0,(anonymous_14)
FNDA:0,(anonymous_15)
FNDA:0,(anonymous_16)
FNDA:0,(anonymous_17)
DA:5,1
DA:8,2
DA:9,2
DA:14,2
DA:15,1
DA:17,1
DA:23,1
DA:26,1
DA:27,1
DA:32,1
DA:33,1
DA:35,0
DA:41,1
DA:44,1
DA:45,1
DA:46,1
DA:47,1
DA:49,0
DA:55,1
DA:58,0
DA:62,0
DA:63,0
DA:64,0
DA:66,0
DA:72,1
DA:80,1
DA:85,1
DA:90,1
DA:92,0
DA:93,0
DA:96,0
DA:97,0
DA:98,0
DA:101,0
DA:102,0
DA:107,0
DA:108,0
DA:111,0
DA:112,0
DA:113,0
DA:114,0
DA:117,0
DA:118,0
DA:119,0
DA:124,0
DA:127,0
DA:128,0
DA:129,0
DA:132,0
DA:133,0
DA:138,0
DA:141,0
DA:142,0
DA:143,0
DA:146,0
DA:147,0
DA:152,1
LF:57
LH:22
BRDA:14,0,0,1
BRDA:14,0,1,1
BRDA:32,1,0,0
BRDA:32,1,1,1
BRDA:46,2,0,0
BRDA:46,2,1,1
BRDA:63,3,0,0
BRDA:63,3,1,0
BRDA:64,4,0,0
BRDA:64,4,1,0
BRF:10
BRH:4
end_of_record
TN:
SF:store\favoritesSlice.js
FN:7,(anonymous_0)
FN:25,(anonymous_1)
FN:61,(anonymous_2)
FN:94,(anonymous_3)
FN:99,(anonymous_4)
FN:102,(anonymous_5)
FN:105,(anonymous_6)
FN:109,(anonymous_7)
FN:114,(anonymous_8)
FN:117,(anonymous_9)
FN:121,(anonymous_10)
FN:126,(anonymous_11)
FN:129,(anonymous_12)
FN:132,(anonymous_13)
FN:135,(anonymous_14)
FNF:15
FNH:5
FNDA:2,(anonymous_0)
FNDA:1,(anonymous_1)
FNDA:1,(anonymous_2)
FNDA:1,(anonymous_3)
FNDA:1,(anonymous_4)
FNDA:0,(anonymous_5)
FNDA:0,(anonymous_6)
FNDA:0,(anonymous_7)
FNDA:0,(anonymous_8)
FNDA:0,(anonymous_9)
FNDA:0,(anonymous_10)
FNDA:0,(anonymous_11)
FNDA:0,(anonymous_12)
FNDA:0,(anonymous_13)
FNDA:0,(anonymous_14)
DA:5,2
DA:8,2
DA:9,2
DA:14,2
DA:15,1
DA:17,1
DA:23,2
DA:26,1
DA:27,1
DA:33,1
DA:44,1
DA:45,0
DA:46,0
DA:49,1
DA:50,1
DA:52,0
DA:53,0
DA:59,2
DA:62,1
DA:63,1
DA:65,1
DA:70,1
DA:71,0
DA:72,0
DA:75,1
DA:76,1
DA:78,0
DA:79,0
DA:84,2
DA:90,2
DA:95,1
DA:96,1
DA:100,1
DA:103,0
DA:106,0
DA:107,0
DA:110,0
DA:111,0
DA:115,0
DA:118,0
DA:119,0
DA:122,0
DA:123,0
DA:127,0
DA:130,0
DA:131,0
DA:132,0
DA:136,0
DA:137,0
DA:142,2
LF:50
LH:26
BRDA:14,0,0,1
BRDA:14,0,1,1
BRDA:44,1,0,0
BRDA:44,1,1,1
BRDA:70,2,0,0
BRDA:70,2,1,1
BRF:6
BRH:4
end_of_record
TN:
SF:store\index.js
FNF:0
FNH:0
DA:6,0
LF:1
LH:0
BRF:0
BRH:0
end_of_record
TN:
SF:store\userSlice.js
FN:7,(anonymous_0)
FN:24,(anonymous_1)
FN:51,(anonymous_2)
FN:56,(anonymous_3)
FN:59,(anonymous_4)
FN:63,(anonymous_5)
FN:67,(anonymous_6)
FN:72,(anonymous_7)
FN:76,(anonymous_8)
FN:80,(anonymous_9)
FNF:10
FNH:0
FNDA:0,(anonymous_0)
FNDA:0,(anonymous_1)
FNDA:0,(anonymous_2)
FNDA:0,(anonymous_3)
FNDA:0,(anonymous_4)
FNDA:0,(anonymous_5)
FNDA:0,(anonymous_6)
FNDA:0,(anonymous_7)
FNDA:0,(anonymous_8)
FNDA:0,(anonymous_9)
DA:5,0
DA:8,0
DA:9,0
DA:13,0
DA:14,0
DA:16,0
DA:17,0
DA:22,0
DA:25,0
DA:26,0
DA:32,0
DA:33,0
DA:35,0
DA:36,0
DA:41,0
DA:47,0
DA:52,0
DA:53,0
DA:57,0
DA:60,0
DA:61,0
DA:64,0
DA:65,0
DA:68,0
DA:69,0
DA:73,0
DA:74,0
DA:77,0
DA:78,0
DA:81,0
DA:82,0
DA:87,0
LF:32
LH:0
BRDA:13,0,0,0
BRDA:13,0,1,0
BRDA:32,1,0,0
BRDA:32,1,1,0
BRF:4
BRH:0
end_of_record
